[2017-05-27 20:59:51] experiments-matrix-101: OK

[2017-05-27 21:01:48] experiments-matrix-101: FAIL
-- NO TEST INFO AVAILABLE (experiments-matrix-101.info) --
-- NO TEST OUTPUT AVAILABLE (experiments-matrix-101.log) --
-- COOJA OUTPUT (tail experiments-matrix-101.cooja_log) --
	at sun.reflect.NativeConstructorAccessorImpl.newInstance0(Native Method)
	at sun.reflect.NativeConstructorAccessorImpl.newInstance(NativeConstructorAccessorImpl.java:62)
	at sun.reflect.DelegatingConstructorAccessorImpl.newInstance(DelegatingConstructorAccessorImpl.java:45)
	at java.lang.reflect.Constructor.newInstance(Constructor.java:423)
	at org.contikios.cooja.CoreComm.createCoreComm(CoreComm.java:338)
	... 8 more
Caused by: java.lang.UnsatisfiedLinkError: org.contikios.cooja.corecomm.Lib1.init()V
	at org.contikios.cooja.corecomm.Lib1.init(Native Method)
	at org.contikios.cooja.corecomm.Lib1.<init>(Lib1.java:50)
	... 13 more


[2017-05-27 21:01:50] experiments-matrix-101: OK

[2017-05-27 21:04:01] experiments-matrix-101: OK

[2017-05-27 21:05:42] experiments-matrix-101: OK

[2017-05-27 21:07:32] experiments-matrix-101: OK

[2017-05-27 21:09:25] experiments-matrix-101: OK

[2017-05-27 21:11:28] experiments-matrix-101: OK

[2017-05-27 21:13:24] experiments-matrix-101: OK

[2017-05-27 21:15:08] experiments-matrix-101: OK

