#
# There is insufficient memory for the Java Runtime Environment to continue.
# Native memory allocation (mmap) failed to map 234881024 bytes for Failed to commit area from 0x0000000720c00000 to 0x000000072ec00000 of length 234881024.
# Possible reasons:
#   The system is out of physical RAM or swap space
#   The process is running with CompressedOops enabled, and the Java Heap may be blocking the growth of the native heap
# Possible solutions:
#   Reduce memory load on the system
#   Increase physical memory or swap space
#   Check if swap backing store is full
#   Decrease Java heap size (-Xmx/-Xms)
#   Decrease number of Java threads
#   Decrease Java thread stack sizes (-Xss)
#   Set larger code cache with -XX:ReservedCodeCacheSize=
# This output file may be truncated or incomplete.
#
#  Out of Memory Error (./src/hotspot/os/windows/os_windows.cpp:3619), pid=2472, tid=27452
#
# JRE version:  (11.0.13+7) (build )
# Java VM: OpenJDK 64-Bit Server VM (11.0.13+7-b1751.25, mixed mode, sharing, tiered, compressed oops, g1 gc, windows-amd64)
# No core dump will be written. Minidumps are not enabled by default on client versions of Windows
#

---------------  S U M M A R Y ------------

Command Line: git4idea.http.GitAskPassApp Username for 'https://github.com': 

Host: AMD Ryzen 3 2200G with Radeon Vega Graphics    , 4 cores, 13G,  Windows 10 , 64 bit Build 19041 (10.0.19041.1566)
Time: Wed Mar 23 10:56:55 2022 대한민국 표준시 elapsed time: 0.026610 seconds (0d 0h 0m 0s)

---------------  T H R E A D  ---------------

Current thread (0x0000027193c6e000):  JavaThread "Unknown thread" [_thread_in_vm, id=27452, stack(0x000000abe5e00000,0x000000abe5f00000)]

Stack: [0x000000abe5e00000,0x000000abe5f00000]
Native frames: (J=compiled Java code, j=interpreted, Vv=VM code, C=native code)
V  [jvm.dll+0x613daa]
V  [jvm.dll+0x799b30]
V  [jvm.dll+0x79b14d]
V  [jvm.dll+0x79b823]
V  [jvm.dll+0x24c958]
V  [jvm.dll+0x610e24]
V  [jvm.dll+0x605b25]
V  [jvm.dll+0x30aaab]
V  [jvm.dll+0x30aa1a]
V  [jvm.dll+0x30a8f2]
V  [jvm.dll+0x30f856]
V  [jvm.dll+0x359143]
V  [jvm.dll+0x359846]
V  [jvm.dll+0x359243]
V  [jvm.dll+0x2e57a8]
V  [jvm.dll+0x2e6947]
V  [jvm.dll+0x776d47]
V  [jvm.dll+0x77853c]
V  [jvm.dll+0x3666c9]
V  [jvm.dll+0x75a9ce]
V  [jvm.dll+0x3d47d3]
V  [jvm.dll+0x3d6d21]
C  [jli.dll+0x536b]
C  [ucrtbase.dll+0x21bb2]
C  [KERNEL32.DLL+0x17034]
C  [ntdll.dll+0x52651]


---------------  P R O C E S S  ---------------

Threads class SMR info:
_java_thread_list=0x0000027191af37b0, length=0, elements={
}

Java Threads: ( => current thread )

Other Threads:
  0x0000027193c87800 GCTaskThread "GC Thread#0" [stack: 0x000000abe5f00000,0x000000abe6000000] [id=11488]
  0x0000027193cd7800 ConcurrentGCThread "G1 Main Marker" [stack: 0x000000abe6000000,0x000000abe6100000] [id=3664]
  0x0000027193cdb000 ConcurrentGCThread "G1 Conc#0" [stack: 0x000000abe6100000,0x000000abe6200000] [id=24244]

[error occurred during error reporting (printing all threads), id 0xc0000005, EXCEPTION_ACCESS_VIOLATION (0xc0000005) at pc=0x00007ffd859a5c97]

VM state:not at safepoint (not fully initialized)

VM Mutex/Monitor currently owned by a thread:  ([mutex/lock_event])
[0x0000027193c68fd0] Heap_lock - owner thread: 0x0000027193c6e000

Heap address: 0x0000000720c00000, size: 3572 MB, Compressed Oops mode: Non-zero based: 0x0000000720c00000
Narrow klass base: 0x0000000000000000, Narrow klass shift: 0

GC Heap History (0 events):
No events

Deoptimization events (0 events):
No events

Classes redefined (0 events):
No events

Internal exceptions (0 events):
No events

Events (1 events):
Event: 0.018 Loaded shared library C:\Program Files\JetBrains\WebStorm 2021.3.2\jbr\bin\zip.dll


Dynamic libraries:
0x00007ff61a4b0000 - 0x00007ff61a4ba000 	C:\Program Files\JetBrains\WebStorm 2021.3.2\jbr\bin\java.exe
0x00007ffdcd5b0000 - 0x00007ffdcd7a5000 	C:\WINDOWS\SYSTEM32\ntdll.dll
0x00007ffdcbb80000 - 0x00007ffdcbc3e000 	C:\WINDOWS\System32\KERNEL32.DLL
0x00007ffdcae70000 - 0x00007ffdcb138000 	C:\WINDOWS\System32\KERNELBASE.dll
0x00007ffdcacd0000 - 0x00007ffdcadd0000 	C:\WINDOWS\System32\ucrtbase.dll
0x00007ffdb4c90000 - 0x00007ffdb4ca7000 	C:\Program Files\JetBrains\WebStorm 2021.3.2\jbr\bin\VCRUNTIME140.dll
0x00007ffdad560000 - 0x00007ffdad579000 	C:\Program Files\JetBrains\WebStorm 2021.3.2\jbr\bin\jli.dll
0x00007ffdba720000 - 0x00007ffdba9ba000 	C:\WINDOWS\WinSxS\amd64_microsoft.windows.common-controls_6595b64144ccf1df_6.0.19041.1110_none_60b5254171f9507e\COMCTL32.dll
0x00007ffdccc80000 - 0x00007ffdcce20000 	C:\WINDOWS\System32\USER32.dll
0x00007ffdcc6b0000 - 0x00007ffdcc74e000 	C:\WINDOWS\System32\msvcrt.dll
0x00007ffdcae40000 - 0x00007ffdcae62000 	C:\WINDOWS\System32\win32u.dll
0x00007ffdcbb50000 - 0x00007ffdcbb7b000 	C:\WINDOWS\System32\GDI32.dll
0x00007ffdcb500000 - 0x00007ffdcb60b000 	C:\WINDOWS\System32\gdi32full.dll
0x00007ffdcb460000 - 0x00007ffdcb4fd000 	C:\WINDOWS\System32\msvcp_win.dll
0x00007ffdcbc40000 - 0x00007ffdcbc70000 	C:\WINDOWS\System32\IMM32.DLL
0x00007ffda57d0000 - 0x00007ffda586d000 	C:\Program Files\JetBrains\WebStorm 2021.3.2\jbr\bin\msvcp140.dll
0x00007ffd856b0000 - 0x00007ffd86226000 	C:\Program Files\JetBrains\WebStorm 2021.3.2\jbr\bin\server\jvm.dll
0x00007ffdcbaa0000 - 0x00007ffdcbb4e000 	C:\WINDOWS\System32\ADVAPI32.dll
0x00007ffdcc5a0000 - 0x00007ffdcc63c000 	C:\WINDOWS\System32\sechost.dll
0x00007ffdcca20000 - 0x00007ffdccb45000 	C:\WINDOWS\System32\RPCRT4.dll
0x00007ffdcc480000 - 0x00007ffdcc488000 	C:\WINDOWS\System32\PSAPI.DLL
0x00007ffdc6c30000 - 0x00007ffdc6c39000 	C:\WINDOWS\SYSTEM32\WSOCK32.dll
0x00007ffdbb360000 - 0x00007ffdbb387000 	C:\WINDOWS\SYSTEM32\WINMM.dll
0x00007ffdc4420000 - 0x00007ffdc442a000 	C:\WINDOWS\SYSTEM32\VERSION.dll
0x00007ffdcbdb0000 - 0x00007ffdcbe1b000 	C:\WINDOWS\System32\WS2_32.dll
0x00007ffdc8c00000 - 0x00007ffdc8c12000 	C:\WINDOWS\SYSTEM32\kernel.appcore.dll
0x00007ffdc6c10000 - 0x00007ffdc6c21000 	C:\Program Files\JetBrains\WebStorm 2021.3.2\jbr\bin\verify.dll
0x00007ffdbe850000 - 0x00007ffdbea34000 	C:\WINDOWS\SYSTEM32\DBGHELP.DLL
0x00007ffdb8dc0000 - 0x00007ffdb8dec000 	C:\WINDOWS\SYSTEM32\dbgcore.DLL
0x00007ffdcb140000 - 0x00007ffdcb1c2000 	C:\WINDOWS\System32\bcryptPrimitives.dll
0x00007ffdc6390000 - 0x00007ffdc63b9000 	C:\Program Files\JetBrains\WebStorm 2021.3.2\jbr\bin\java.dll
0x00007ffdc6ac0000 - 0x00007ffdc6acb000 	C:\Program Files\JetBrains\WebStorm 2021.3.2\jbr\bin\jimage.dll
0x00007ffdc5f80000 - 0x00007ffdc5f98000 	C:\Program Files\JetBrains\WebStorm 2021.3.2\jbr\bin\zip.dll

dbghelp: loaded successfully - version: 4.0.5 - missing functions: none
symbol engine: initialized successfully - sym options: 0x614 - pdb path: .;C:\Program Files\JetBrains\WebStorm 2021.3.2\jbr\bin;C:\WINDOWS\SYSTEM32;C:\WINDOWS\WinSxS\amd64_microsoft.windows.common-controls_6595b64144ccf1df_6.0.19041.1110_none_60b5254171f9507e;C:\Program Files\JetBrains\WebStorm 2021.3.2\jbr\bin\server

VM Arguments:
java_command: git4idea.http.GitAskPassApp Username for 'https://github.com': 
java_class_path (initial): C:/Program Files/JetBrains/WebStorm 2021.3.2/plugins/git4idea/lib/git4idea-rt.jar;C:/Program Files/JetBrains/WebStorm 2021.3.2/lib/3rd-party.jar;C:/Program Files/JetBrains/WebStorm 2021.3.2/lib/3rd-party-rt.jar
Launcher Type: SUN_STANDARD

[Global flags]
     intx CICompilerCount                          = 3                                         {product} {ergonomic}
     uint ConcGCThreads                            = 1                                         {product} {ergonomic}
     uint G1ConcRefinementThreads                  = 4                                         {product} {ergonomic}
   size_t G1HeapRegionSize                         = 1048576                                   {product} {ergonomic}
    uintx GCDrainStackTargetSize                   = 64                                        {product} {ergonomic}
   size_t InitialHeapSize                          = 234881024                                 {product} {ergonomic}
   size_t MarkStackSize                            = 4194304                                   {product} {ergonomic}
   size_t MaxHeapSize                              = 3745513472                                {product} {ergonomic}
   size_t MinHeapDeltaBytes                        = 1048576                                   {product} {ergonomic}
    uintx NonNMethodCodeHeapSize                   = 5830732                                {pd product} {ergonomic}
    uintx NonProfiledCodeHeapSize                  = 122913754                              {pd product} {ergonomic}
    uintx ProfiledCodeHeapSize                     = 122913754                              {pd product} {ergonomic}
    uintx ReservedCodeCacheSize                    = 251658240                              {pd product} {ergonomic}
     bool SegmentedCodeCache                       = true                                      {product} {ergonomic}
     bool UseCompressedClassPointers               = true                                 {lp64_product} {ergonomic}
     bool UseCompressedOops                        = true                                 {lp64_product} {ergonomic}
     bool UseG1GC                                  = true                                      {product} {ergonomic}
     bool UseLargePagesIndividualAllocation        = false                                  {pd product} {ergonomic}

Logging:
Log output configuration:
 #0: stdout all=warning uptime,level,tags
 #1: stderr all=off uptime,level,tags

Environment Variables:
JAVA_HOME=C:\Program Files\Amazon Corretto\jdk11.0.12_7
PATH=C:\Program Files\Git\mingw64\libexec\git-core;C:\Program Files\Git\mingw64\libexec\git-core;C:\Program Files\Git\mingw64\bin;C:\Program Files\Git\usr\bin;C:\Users\kgm12\bin;C:\Python27;C:\Python27\Scripts;C:\Program Files\Amazon Corretto\jdk11.0.12_7\bin;C:\Program Files\Common Files\Oracle\Java\javapath;C:\Program Files (x86)\Common Files\Oracle\Java\javapath;C:\Program Files\ImageMagick-7.0.9-Q16;C:\Windows\system32;C:\Windows;C:\Windows\System32\Wbem;C:\Windows\System32\WindowsPowerShell\v1.0;C:\Windows\System32\OpenSSH;C:\Program Files (x86)\NVIDIA Corporation\PhysX\Common;C:\Users\kgm12\AppData\Local\Microsoft\WindowsApps;C:\adb;C:\Program Files\NVIDIA Corporation\NVIDIA NvDLISR;C:\WINDOWS\system32;C:\WINDOWS;C:\WINDOWS\System32\Wbem;C:\WINDOWS\System32\WindowsPowerShell\v1.0;C:\WINDOWS\System32\OpenSSH;C:\ProgramData\chocolatey\bin;C:\Program Files\Git\cmd;C:\Program Files\dotnet;C:\Program Files\nodejs;C:\Ruby31-x64\bin;C:\Program Files\MySQL\MySQL Shell 8.0\bin;D:\Python\Scripts;D:\Python;C:\Users\kgm12\AppData\Local\Microsoft\WindowsApps;C:\Users\kgm12\AppData\Local\atom\bin;C:\Users\kgm12\AppData\Local\Programs\Microsoft VS Code\bin;C:\Program Files\JetBrains\IntelliJ IDEA 2021.3.1\bin;C:\Users\kgm12\AppData\Local\GitHubDesktop\bin;C:\Users\kgm12\AppData\Roaming\npm
USERNAME=kgm12
DISPLAY=:0.0
LC_ALL=en_US.UTF-8
OS=Windows_NT
PROCESSOR_IDENTIFIER=AMD64 Family 23 Model 17 Stepping 0, AuthenticAMD



---------------  S Y S T E M  ---------------

OS: Windows 10 , 64 bit Build 19041 (10.0.19041.1566)
OS uptime: 0 days 18:27 hours

CPU:total 4 (initial active 4) (4 cores per cpu, 1 threads per core) family 23 model 17 stepping 0 microcode 0x0, cmov, cx8, fxsr, mmx, sse, sse2, sse3, ssse3, sse4.1, sse4.2, popcnt, avx, avx2, aes, clmul, mmxext, 3dnowpref, lzcnt, sse4a, tsc, tscinvbit, tscinv, bmi1, bmi2, adx, sha, fma

Memory: 4k page, system-wide physical 14281M (2838M free)
TotalPageFile size 18377M (AvailPageFile size 173M)
current process WorkingSet (physical memory assigned to process): 10M, peak: 10M
current process commit charge ("private bytes"): 51M, peak: 275M

vm_info: OpenJDK 64-Bit Server VM (11.0.13+7-b1751.25) for windows-amd64 JRE (11.0.13+7-b1751.25), built on Jan 13 2022 20:47:27 by "" with MS VC++ 14.0 (VS2015)

END.
