#
# There is insufficient memory for the Java Runtime Environment to continue.
# Native memory allocation (mmap) failed to map 234881024 bytes for Failed to commit area from 0x0000000720c00000 to 0x000000072ec00000 of length 234881024.
# Possible reasons:
#   The system is out of physical RAM or swap space
#   The process is running with CompressedOops enabled, and the Java Heap may be blocking the growth of the native heap
# Possible solutions:
#   Reduce memory load on the system
#   Increase physical memory or swap space
#   Check if swap backing store is full
#   Decrease Java heap size (-Xmx/-Xms)
#   Decrease number of Java threads
#   Decrease Java thread stack sizes (-Xss)
#   Set larger code cache with -XX:ReservedCodeCacheSize=
# This output file may be truncated or incomplete.
#
#  Out of Memory Error (./src/hotspot/os/windows/os_windows.cpp:3619), pid=39396, tid=4828
#
# JRE version:  (11.0.13+7) (build )
# Java VM: OpenJDK 64-Bit Server VM (11.0.13+7-b1751.25, mixed mode, sharing, tiered, compressed oops, g1 gc, windows-amd64)
# No core dump will be written. Minidumps are not enabled by default on client versions of Windows
#

---------------  S U M M A R Y ------------

Command Line: git4idea.http.GitAskPassApp Username for 'https://github.com': 

Host: AMD Ryzen 3 2200G with Radeon Vega Graphics    , 4 cores, 13G,  Windows 10 , 64 bit Build 19041 (10.0.19041.1566)
Time: Wed Apr 13 13:38:01 2022 대한민국 표준시 elapsed time: 0.021034 seconds (0d 0h 0m 0s)

---------------  T H R E A D  ---------------

Current thread (0x000001ee7439d000):  JavaThread "Unknown thread" [_thread_in_vm, id=4828, stack(0x000000c82d900000,0x000000c82da00000)]

Stack: [0x000000c82d900000,0x000000c82da00000]
Native frames: (J=compiled Java code, j=interpreted, Vv=VM code, C=native code)
V  [jvm.dll+0x613daa]
V  [jvm.dll+0x799b30]
V  [jvm.dll+0x79b14d]
V  [jvm.dll+0x79b823]
V  [jvm.dll+0x24c958]
V  [jvm.dll+0x610e24]
V  [jvm.dll+0x605b25]
V  [jvm.dll+0x30aaab]
V  [jvm.dll+0x30aa1a]
V  [jvm.dll+0x30a8f2]
V  [jvm.dll+0x30f856]
V  [jvm.dll+0x359143]
V  [jvm.dll+0x359846]
V  [jvm.dll+0x359243]
V  [jvm.dll+0x2e57a8]
V  [jvm.dll+0x2e6947]
V  [jvm.dll+0x776d47]
V  [jvm.dll+0x77853c]
V  [jvm.dll+0x3666c9]
V  [jvm.dll+0x75a9ce]
V  [jvm.dll+0x3d47d3]
V  [jvm.dll+0x3d6d21]
C  [jli.dll+0x536b]
C  [ucrtbase.dll+0x21bb2]
C  [KERNEL32.DLL+0x17034]
C  [ntdll.dll+0x52651]


---------------  P R O C E S S  ---------------

Threads class SMR info:
_java_thread_list=0x000001ee741c1a20, length=0, elements={
}

Java Threads: ( => current thread )

Other Threads:
  0x000001ee743b6800 GCTaskThread "GC Thread#0" [stack: 0x000000c82da00000,0x000000c82db00000] [id=28288]
  0x000001ee74407000 ConcurrentGCThread "G1 Main Marker" [stack: 0x000000c82db00000,0x000000c82dc00000] [id=48056]
  0x000001ee74409800 ConcurrentGCThread "G1 Conc#0" [stack: 0x000000c82dc00000,0x000000c82dd00000] [id=57284]

[error occurred during error reporting (printing all threads), id 0xc0000005, EXCEPTION_ACCESS_VIOLATION (0xc0000005) at pc=0x00007ff994415c97]

VM state:not at safepoint (not fully initialized)

VM Mutex/Monitor currently owned by a thread:  ([mutex/lock_event])
[0x000001ee74399680] Heap_lock - owner thread: 0x000001ee7439d000

Heap address: 0x0000000720c00000, size: 3572 MB, Compressed Oops mode: Non-zero based: 0x0000000720c00000
Narrow klass base: 0x0000000000000000, Narrow klass shift: 0

GC Heap History (0 events):
No events

Deoptimization events (0 events):
No events

Classes redefined (0 events):
No events

Internal exceptions (0 events):
No events

Events (1 events):
Event: 0.014 Loaded shared library C:\Program Files\JetBrains\WebStorm 2021.3.2\jbr\bin\zip.dll


Dynamic libraries:
0x00007ff65e2f0000 - 0x00007ff65e2fa000 	C:\Program Files\JetBrains\WebStorm 2021.3.2\jbr\bin\java.exe
0x00007ff9f6310000 - 0x00007ff9f6505000 	C:\WINDOWS\SYSTEM32\ntdll.dll
0x00007ff9f4b70000 - 0x00007ff9f4c2e000 	C:\WINDOWS\System32\KERNEL32.DLL
0x00007ff9f3a60000 - 0x00007ff9f3d28000 	C:\WINDOWS\System32\KERNELBASE.dll
0x00007ff9f3f30000 - 0x00007ff9f4030000 	C:\WINDOWS\System32\ucrtbase.dll
0x00007ff9eed80000 - 0x00007ff9eed99000 	C:\Program Files\JetBrains\WebStorm 2021.3.2\jbr\bin\jli.dll
0x00007ff9dd870000 - 0x00007ff9dd887000 	C:\Program Files\JetBrains\WebStorm 2021.3.2\jbr\bin\VCRUNTIME140.dll
0x00007ff9f4370000 - 0x00007ff9f4510000 	C:\WINDOWS\System32\USER32.dll
0x00007ff9f3a30000 - 0x00007ff9f3a52000 	C:\WINDOWS\System32\win32u.dll
0x00007ff9e7c60000 - 0x00007ff9e7efa000 	C:\WINDOWS\WinSxS\amd64_microsoft.windows.common-controls_6595b64144ccf1df_6.0.19041.1110_none_60b5254171f9507e\COMCTL32.dll
0x00007ff9f4c30000 - 0x00007ff9f4c5b000 	C:\WINDOWS\System32\GDI32.dll
0x00007ff9f4650000 - 0x00007ff9f46ee000 	C:\WINDOWS\System32\msvcrt.dll
0x00007ff9f4230000 - 0x00007ff9f433b000 	C:\WINDOWS\System32\gdi32full.dll
0x00007ff9f4030000 - 0x00007ff9f40cd000 	C:\WINDOWS\System32\msvcp_win.dll
0x00007ff9f5560000 - 0x00007ff9f5590000 	C:\WINDOWS\System32\IMM32.DLL
0x00007ff9be130000 - 0x00007ff9be1cd000 	C:\Program Files\JetBrains\WebStorm 2021.3.2\jbr\bin\msvcp140.dll
0x00007ff994120000 - 0x00007ff994c96000 	C:\Program Files\JetBrains\WebStorm 2021.3.2\jbr\bin\server\jvm.dll
0x00007ff9f5590000 - 0x00007ff9f563e000 	C:\WINDOWS\System32\ADVAPI32.dll
0x00007ff9f6020000 - 0x00007ff9f60bc000 	C:\WINDOWS\System32\sechost.dll
0x00007ff9f4520000 - 0x00007ff9f4645000 	C:\WINDOWS\System32\RPCRT4.dll
0x00007ff9f5760000 - 0x00007ff9f5768000 	C:\WINDOWS\System32\PSAPI.DLL
0x00007ff9ef980000 - 0x00007ff9ef989000 	C:\WINDOWS\SYSTEM32\WSOCK32.dll
0x00007ff9ed0c0000 - 0x00007ff9ed0ca000 	C:\WINDOWS\SYSTEM32\VERSION.dll
0x00007ff9f56f0000 - 0x00007ff9f575b000 	C:\WINDOWS\System32\WS2_32.dll
0x00007ff9e8a60000 - 0x00007ff9e8a87000 	C:\WINDOWS\SYSTEM32\WINMM.dll
0x00007ff9f1960000 - 0x00007ff9f1972000 	C:\WINDOWS\SYSTEM32\kernel.appcore.dll
0x00007ff9eec80000 - 0x00007ff9eec91000 	C:\Program Files\JetBrains\WebStorm 2021.3.2\jbr\bin\verify.dll
0x00007ff9e4830000 - 0x00007ff9e4a14000 	C:\WINDOWS\SYSTEM32\DBGHELP.DLL
0x00007ff9e1290000 - 0x00007ff9e12bc000 	C:\WINDOWS\SYSTEM32\dbgcore.DLL
0x00007ff9f3d30000 - 0x00007ff9f3db2000 	C:\WINDOWS\System32\bcryptPrimitives.dll
0x00007ff9eec50000 - 0x00007ff9eec79000 	C:\Program Files\JetBrains\WebStorm 2021.3.2\jbr\bin\java.dll
0x00007ff9ef950000 - 0x00007ff9ef95b000 	C:\Program Files\JetBrains\WebStorm 2021.3.2\jbr\bin\jimage.dll
0x00007ff9e82c0000 - 0x00007ff9e82d8000 	C:\Program Files\JetBrains\WebStorm 2021.3.2\jbr\bin\zip.dll

dbghelp: loaded successfully - version: 4.0.5 - missing functions: none
symbol engine: initialized successfully - sym options: 0x614 - pdb path: .;C:\Program Files\JetBrains\WebStorm 2021.3.2\jbr\bin;C:\WINDOWS\SYSTEM32;C:\WINDOWS\WinSxS\amd64_microsoft.windows.common-controls_6595b64144ccf1df_6.0.19041.1110_none_60b5254171f9507e;C:\Program Files\JetBrains\WebStorm 2021.3.2\jbr\bin\server

VM Arguments:
java_command: git4idea.http.GitAskPassApp Username for 'https://github.com': 
java_class_path (initial): C:/Program Files/JetBrains/WebStorm 2021.3.2/plugins/git4idea/lib/git4idea-rt.jar;C:/Program Files/JetBrains/WebStorm 2021.3.2/lib/3rd-party.jar;C:/Program Files/JetBrains/WebStorm 2021.3.2/lib/3rd-party-rt.jar
Launcher Type: SUN_STANDARD

[Global flags]
     intx CICompilerCount                          = 3                                         {product} {ergonomic}
     uint ConcGCThreads                            = 1                                         {product} {ergonomic}
     uint G1ConcRefinementThreads                  = 4                                         {product} {ergonomic}
   size_t G1HeapRegionSize                         = 1048576                                   {product} {ergonomic}
    uintx GCDrainStackTargetSize                   = 64                                        {product} {ergonomic}
   size_t InitialHeapSize                          = 234881024                                 {product} {ergonomic}
   size_t MarkStackSize                            = 4194304                                   {product} {ergonomic}
   size_t MaxHeapSize                              = 3745513472                                {product} {ergonomic}
   size_t MinHeapDeltaBytes                        = 1048576                                   {product} {ergonomic}
    uintx NonNMethodCodeHeapSize                   = 5830732                                {pd product} {ergonomic}
    uintx NonProfiledCodeHeapSize                  = 122913754                              {pd product} {ergonomic}
    uintx ProfiledCodeHeapSize                     = 122913754                              {pd product} {ergonomic}
    uintx ReservedCodeCacheSize                    = 251658240                              {pd product} {ergonomic}
     bool SegmentedCodeCache                       = true                                      {product} {ergonomic}
     bool UseCompressedClassPointers               = true                                 {lp64_product} {ergonomic}
     bool UseCompressedOops                        = true                                 {lp64_product} {ergonomic}
     bool UseG1GC                                  = true                                      {product} {ergonomic}
     bool UseLargePagesIndividualAllocation        = false                                  {pd product} {ergonomic}

Logging:
Log output configuration:
 #0: stdout all=warning uptime,level,tags
 #1: stderr all=off uptime,level,tags

Environment Variables:
JAVA_HOME=C:\Program Files\Amazon Corretto\jdk11.0.12_7
PATH=C:\Program Files\Git\mingw64\libexec\git-core;C:\Program Files\Git\mingw64\libexec\git-core;C:\Program Files\Git\mingw64\bin;C:\Program Files\Git\usr\bin;C:\Users\kgm12\bin;C:\Python27;C:\Python27\Scripts;C:\Program Files\Amazon Corretto\jdk11.0.12_7\bin;C:\Program Files\Common Files\Oracle\Java\javapath;C:\Program Files (x86)\Common Files\Oracle\Java\javapath;C:\Program Files\ImageMagick-7.0.9-Q16;C:\Windows\system32;C:\Windows;C:\Windows\System32\Wbem;C:\Windows\System32\WindowsPowerShell\v1.0;C:\Windows\System32\OpenSSH;C:\Program Files (x86)\NVIDIA Corporation\PhysX\Common;C:\Users\kgm12\AppData\Local\Microsoft\WindowsApps;C:\adb;C:\Program Files\NVIDIA Corporation\NVIDIA NvDLISR;C:\WINDOWS\system32;C:\WINDOWS;C:\WINDOWS\System32\Wbem;C:\WINDOWS\System32\WindowsPowerShell\v1.0;C:\WINDOWS\System32\OpenSSH;C:\ProgramData\chocolatey\bin;C:\Program Files\Git\cmd;C:\Program Files\dotnet;C:\Program Files\nodejs;C:\Program Files\MongoDB\Server\5.0\bin;C:\Program Files\PuTTY;C:\Ruby31-x64\bin;C:\Program Files\MySQL\MySQL Shell 8.0\bin;D:\Python\Scripts;D:\Python;C:\Users\kgm12\AppData\Local\Microsoft\WindowsApps;C:\Users\kgm12\AppData\Local\atom\bin;C:\Users\kgm12\AppData\Local\Programs\Microsoft VS Code\bin;C:\Program Files\JetBrains\IntelliJ IDEA 2021.3.1\bin;C:\Users\kgm12\AppData\Local\GitHubDesktop\bin;C:\Users\kgm12\AppData\Roaming\npm;C:\Program Files (x86)\ESTsoft\ALSee\x64
USERNAME=kgm12
DISPLAY=:0.0
LC_ALL=en_US.UTF-8
OS=Windows_NT
PROCESSOR_IDENTIFIER=AMD64 Family 23 Model 17 Stepping 0, AuthenticAMD



---------------  S Y S T E M  ---------------

OS: Windows 10 , 64 bit Build 19041 (10.0.19041.1566)
OS uptime: 4 days 0:59 hours

CPU:total 4 (initial active 4) (4 cores per cpu, 1 threads per core) family 23 model 17 stepping 0 microcode 0x0, cmov, cx8, fxsr, mmx, sse, sse2, sse3, ssse3, sse4.1, sse4.2, popcnt, avx, avx2, aes, clmul, mmxext, 3dnowpref, lzcnt, sse4a, tsc, tscinvbit, tscinv, bmi1, bmi2, adx, sha, fma

Memory: 4k page, system-wide physical 14281M (4246M free)
TotalPageFile size 18377M (AvailPageFile size 58M)
current process WorkingSet (physical memory assigned to process): 10M, peak: 10M
current process commit charge ("private bytes"): 51M, peak: 275M

vm_info: OpenJDK 64-Bit Server VM (11.0.13+7-b1751.25) for windows-amd64 JRE (11.0.13+7-b1751.25), built on Jan 13 2022 20:47:27 by "" with MS VC++ 14.0 (VS2015)

END.
