[2017-05-31 00:42:38] rpl-101: OK

[2017-05-31 00:46:18] rpl-101: OK

[2017-05-31 00:49:55] rpl-101: OK

[2017-05-31 00:53:37] rpl-101: FAIL
-- NO TEST INFO AVAILABLE (rpl-101.info) --
-- NO TEST OUTPUT AVAILABLE (rpl-101.log) --
-- COOJA OUTPUT (tail rpl-101.cooja_log) --
	at sun.reflect.NativeConstructorAccessorImpl.newInstance0(Native Method)
	at sun.reflect.NativeConstructorAccessorImpl.newInstance(NativeConstructorAccessorImpl.java:57)
	at sun.reflect.DelegatingConstructorAccessorImpl.newInstance(DelegatingConstructorAccessorImpl.java:45)
	at java.lang.reflect.Constructor.newInstance(Constructor.java:526)
	at org.contikios.cooja.CoreComm.createCoreComm(CoreComm.java:334)
	... 8 more
Caused by: java.lang.UnsatisfiedLinkError: org.contikios.cooja.corecomm.Lib1.init()V
	at org.contikios.cooja.corecomm.Lib1.init(Native Method)
	at org.contikios.cooja.corecomm.Lib1.<init>(Lib1.java:50)
	... 13 more


[2017-05-31 00:53:38] rpl-101: FAIL
-- NO TEST INFO AVAILABLE (rpl-101.info) --
-- NO TEST OUTPUT AVAILABLE (rpl-101.log) --
-- COOJA OUTPUT (tail rpl-101.cooja_log) --
	at sun.reflect.NativeConstructorAccessorImpl.newInstance0(Native Method)
	at sun.reflect.NativeConstructorAccessorImpl.newInstance(NativeConstructorAccessorImpl.java:57)
	at sun.reflect.DelegatingConstructorAccessorImpl.newInstance(DelegatingConstructorAccessorImpl.java:45)
	at java.lang.reflect.Constructor.newInstance(Constructor.java:526)
	at org.contikios.cooja.CoreComm.createCoreComm(CoreComm.java:334)
	... 8 more
Caused by: java.lang.UnsatisfiedLinkError: org.contikios.cooja.corecomm.Lib2.init()V
	at org.contikios.cooja.corecomm.Lib2.init(Native Method)
	at org.contikios.cooja.corecomm.Lib2.<init>(Lib2.java:50)
	... 13 more


