gain	0	1	-67.87
gain	1	0	-67.87
gain	0	2	-83.51
gain	2	0	-83.51
gain	0	3	-88.28
gain	3	0	-88.28
gain	0	4	-102.65
gain	4	0	-102.65
gain	0	5	-104.59
gain	5	0	-104.59
gain	0	6	-104.86
gain	6	0	-104.86
gain	0	7	-109.34
gain	7	0	-109.34
gain	0	8	-65.40
gain	8	0	-65.40
gain	0	9	-79.64
gain	9	0	-79.64
gain	0	10	-91.66
gain	10	0	-91.66
gain	0	11	-91.93
gain	11	0	-91.93
gain	0	12	-98.18
gain	12	0	-98.18
gain	0	13	-99.49
gain	13	0	-99.49
gain	0	14	-109.60
gain	14	0	-109.60
gain	0	15	-114.96
gain	15	0	-114.96
gain	0	16	-86.35
gain	16	0	-86.35
gain	0	17	-88.92
gain	17	0	-88.92
gain	0	18	-85.62
gain	18	0	-85.62
gain	0	19	-94.03
gain	19	0	-94.03
gain	0	20	-106.16
gain	20	0	-106.16
gain	0	21	-105.43
gain	21	0	-105.43
gain	0	22	-107.68
gain	22	0	-107.68
gain	0	23	-114.71
gain	23	0	-114.71
gain	0	24	-91.50
gain	24	0	-91.50
gain	0	25	-91.94
gain	25	0	-91.94
gain	0	26	-90.98
gain	26	0	-90.98
gain	0	27	-99.73
gain	27	0	-99.73
gain	0	28	-105.01
gain	28	0	-105.01
gain	0	29	-104.67
gain	29	0	-104.67
gain	0	30	-105.85
gain	30	0	-105.85
gain	0	31	-108.67
gain	31	0	-108.67
gain	0	32	-99.06
gain	32	0	-99.06
gain	0	33	-96.69
gain	33	0	-96.69
gain	0	34	-95.92
gain	34	0	-95.92
gain	0	35	-99.23
gain	35	0	-99.23
gain	0	36	-110.01
gain	36	0	-110.01
gain	0	37	-104.41
gain	37	0	-104.41
gain	0	38	-106.39
gain	38	0	-106.39
gain	0	39	-110.93
gain	39	0	-110.93
gain	0	40	-101.91
gain	40	0	-101.91
gain	0	41	-102.95
gain	41	0	-102.95
gain	0	42	-102.50
gain	42	0	-102.50
gain	0	43	-103.81
gain	43	0	-103.81
gain	0	44	-113.55
gain	44	0	-113.55
gain	0	45	-112.25
gain	45	0	-112.25
gain	0	46	-110.42
gain	46	0	-110.42
gain	0	47	-118.04
gain	47	0	-118.04
gain	0	48	-112.01
gain	48	0	-112.01
gain	0	49	-110.41
gain	49	0	-110.41
gain	0	50	-111.97
gain	50	0	-111.97
gain	0	51	-104.17
gain	51	0	-104.17
gain	0	52	-108.34
gain	52	0	-108.34
gain	0	53	-108.38
gain	53	0	-108.38
gain	0	54	-112.93
gain	54	0	-112.93
gain	0	55	-109.20
gain	55	0	-109.20
gain	0	56	-106.18
gain	56	0	-106.18
gain	0	57	-110.43
gain	57	0	-110.43
gain	0	58	-111.08
gain	58	0	-111.08
gain	0	59	-105.33
gain	59	0	-105.33
gain	0	60	-114.46
gain	60	0	-114.46
gain	0	61	-110.71
gain	61	0	-110.71
gain	0	62	-117.11
gain	62	0	-117.11
gain	0	63	-116.50
gain	63	0	-116.50
gain	1	2	-69.25
gain	2	1	-69.25
gain	1	3	-85.65
gain	3	1	-85.65
gain	1	4	-92.30
gain	4	1	-92.30
gain	1	5	-101.39
gain	5	1	-101.39
gain	1	6	-98.63
gain	6	1	-98.63
gain	1	7	-106.71
gain	7	1	-106.71
gain	1	8	-81.51
gain	8	1	-81.51
gain	1	9	-66.28
gain	9	1	-66.28
gain	1	10	-78.09
gain	10	1	-78.09
gain	1	11	-88.48
gain	11	1	-88.48
gain	1	12	-95.95
gain	12	1	-95.95
gain	1	13	-97.61
gain	13	1	-97.61
gain	1	14	-100.96
gain	14	1	-100.96
gain	1	15	-106.25
gain	15	1	-106.25
gain	1	16	-82.85
gain	16	1	-82.85
gain	1	17	-86.49
gain	17	1	-86.49
gain	1	18	-88.14
gain	18	1	-88.14
gain	1	19	-87.17
gain	19	1	-87.17
gain	1	20	-93.84
gain	20	1	-93.84
gain	1	21	-100.41
gain	21	1	-100.41
gain	1	22	-101.76
gain	22	1	-101.76
gain	1	23	-104.72
gain	23	1	-104.72
gain	1	24	-95.89
gain	24	1	-95.89
gain	1	25	-99.15
gain	25	1	-99.15
gain	1	26	-100.19
gain	26	1	-100.19
gain	1	27	-95.49
gain	27	1	-95.49
gain	1	28	-102.09
gain	28	1	-102.09
gain	1	29	-102.16
gain	29	1	-102.16
gain	1	30	-107.99
gain	30	1	-107.99
gain	1	31	-107.51
gain	31	1	-107.51
gain	1	32	-98.56
gain	32	1	-98.56
gain	1	33	-95.29
gain	33	1	-95.29
gain	1	34	-91.98
gain	34	1	-91.98
gain	1	35	-89.95
gain	35	1	-89.95
gain	1	36	-106.39
gain	36	1	-106.39
gain	1	37	-102.82
gain	37	1	-102.82
gain	1	38	-110.27
gain	38	1	-110.27
gain	1	39	-103.85
gain	39	1	-103.85
gain	1	40	-108.82
gain	40	1	-108.82
gain	1	41	-107.73
gain	41	1	-107.73
gain	1	42	-110.39
gain	42	1	-110.39
gain	1	43	-103.90
gain	43	1	-103.90
gain	1	44	-108.81
gain	44	1	-108.81
gain	1	45	-109.23
gain	45	1	-109.23
gain	1	46	-110.97
gain	46	1	-110.97
gain	1	47	-105.91
gain	47	1	-105.91
gain	1	48	-102.91
gain	48	1	-102.91
gain	1	49	-108.49
gain	49	1	-108.49
gain	1	50	-108.17
gain	50	1	-108.17
gain	1	51	-110.54
gain	51	1	-110.54
gain	1	52	-107.15
gain	52	1	-107.15
gain	1	53	-107.19
gain	53	1	-107.19
gain	1	54	-109.83
gain	54	1	-109.83
gain	1	55	-113.37
gain	55	1	-113.37
gain	1	56	-110.79
gain	56	1	-110.79
gain	1	57	-106.75
gain	57	1	-106.75
gain	1	58	-112.16
gain	58	1	-112.16
gain	1	59	-109.82
gain	59	1	-109.82
gain	1	60	-110.32
gain	60	1	-110.32
gain	1	61	-107.76
gain	61	1	-107.76
gain	1	62	-113.75
gain	62	1	-113.75
gain	1	63	-110.96
gain	63	1	-110.96
gain	2	3	-67.97
gain	3	2	-67.97
gain	2	4	-82.73
gain	4	2	-82.73
gain	2	5	-94.17
gain	5	2	-94.17
gain	2	6	-99.65
gain	6	2	-99.65
gain	2	7	-104.70
gain	7	2	-104.70
gain	2	8	-80.62
gain	8	2	-80.62
gain	2	9	-68.35
gain	9	2	-68.35
gain	2	10	-66.27
gain	10	2	-66.27
gain	2	11	-74.60
gain	11	2	-74.60
gain	2	12	-82.42
gain	12	2	-82.42
gain	2	13	-93.16
gain	13	2	-93.16
gain	2	14	-99.44
gain	14	2	-99.44
gain	2	15	-100.45
gain	15	2	-100.45
gain	2	16	-87.67
gain	16	2	-87.67
gain	2	17	-82.10
gain	17	2	-82.10
gain	2	18	-86.39
gain	18	2	-86.39
gain	2	19	-85.93
gain	19	2	-85.93
gain	2	20	-93.27
gain	20	2	-93.27
gain	2	21	-98.14
gain	21	2	-98.14
gain	2	22	-102.85
gain	22	2	-102.85
gain	2	23	-105.67
gain	23	2	-105.67
gain	2	24	-97.33
gain	24	2	-97.33
gain	2	25	-89.99
gain	25	2	-89.99
gain	2	26	-92.43
gain	26	2	-92.43
gain	2	27	-94.08
gain	27	2	-94.08
gain	2	28	-94.63
gain	28	2	-94.63
gain	2	29	-97.07
gain	29	2	-97.07
gain	2	30	-100.06
gain	30	2	-100.06
gain	2	31	-101.71
gain	31	2	-101.71
gain	2	32	-95.91
gain	32	2	-95.91
gain	2	33	-97.26
gain	33	2	-97.26
gain	2	34	-97.57
gain	34	2	-97.57
gain	2	35	-99.89
gain	35	2	-99.89
gain	2	36	-104.59
gain	36	2	-104.59
gain	2	37	-104.99
gain	37	2	-104.99
gain	2	38	-101.24
gain	38	2	-101.24
gain	2	39	-111.84
gain	39	2	-111.84
gain	2	40	-109.28
gain	40	2	-109.28
gain	2	41	-97.71
gain	41	2	-97.71
gain	2	42	-99.25
gain	42	2	-99.25
gain	2	43	-103.73
gain	43	2	-103.73
gain	2	44	-98.13
gain	44	2	-98.13
gain	2	45	-108.83
gain	45	2	-108.83
gain	2	46	-107.47
gain	46	2	-107.47
gain	2	47	-105.40
gain	47	2	-105.40
gain	2	48	-105.37
gain	48	2	-105.37
gain	2	49	-108.75
gain	49	2	-108.75
gain	2	50	-106.30
gain	50	2	-106.30
gain	2	51	-100.84
gain	51	2	-100.84
gain	2	52	-115.22
gain	52	2	-115.22
gain	2	53	-109.47
gain	53	2	-109.47
gain	2	54	-104.55
gain	54	2	-104.55
gain	2	55	-108.80
gain	55	2	-108.80
gain	2	56	-110.09
gain	56	2	-110.09
gain	2	57	-101.26
gain	57	2	-101.26
gain	2	58	-112.03
gain	58	2	-112.03
gain	2	59	-108.94
gain	59	2	-108.94
gain	2	60	-111.94
gain	60	2	-111.94
gain	2	61	-109.19
gain	61	2	-109.19
gain	2	62	-107.80
gain	62	2	-107.80
gain	2	63	-117.61
gain	63	2	-117.61
gain	3	4	-70.01
gain	4	3	-70.01
gain	3	5	-80.99
gain	5	3	-80.99
gain	3	6	-94.37
gain	6	3	-94.37
gain	3	7	-92.38
gain	7	3	-92.38
gain	3	8	-92.29
gain	8	3	-92.29
gain	3	9	-91.24
gain	9	3	-91.24
gain	3	10	-79.56
gain	10	3	-79.56
gain	3	11	-74.04
gain	11	3	-74.04
gain	3	12	-74.61
gain	12	3	-74.61
gain	3	13	-88.33
gain	13	3	-88.33
gain	3	14	-94.23
gain	14	3	-94.23
gain	3	15	-101.25
gain	15	3	-101.25
gain	3	16	-96.52
gain	16	3	-96.52
gain	3	17	-91.88
gain	17	3	-91.88
gain	3	18	-84.26
gain	18	3	-84.26
gain	3	19	-83.60
gain	19	3	-83.60
gain	3	20	-89.67
gain	20	3	-89.67
gain	3	21	-87.06
gain	21	3	-87.06
gain	3	22	-92.31
gain	22	3	-92.31
gain	3	23	-90.29
gain	23	3	-90.29
gain	3	24	-100.21
gain	24	3	-100.21
gain	3	25	-94.76
gain	25	3	-94.76
gain	3	26	-89.78
gain	26	3	-89.78
gain	3	27	-94.16
gain	27	3	-94.16
gain	3	28	-95.66
gain	28	3	-95.66
gain	3	29	-96.41
gain	29	3	-96.41
gain	3	30	-96.53
gain	30	3	-96.53
gain	3	31	-102.96
gain	31	3	-102.96
gain	3	32	-103.44
gain	32	3	-103.44
gain	3	33	-105.60
gain	33	3	-105.60
gain	3	34	-104.71
gain	34	3	-104.71
gain	3	35	-93.85
gain	35	3	-93.85
gain	3	36	-94.95
gain	36	3	-94.95
gain	3	37	-101.30
gain	37	3	-101.30
gain	3	38	-101.65
gain	38	3	-101.65
gain	3	39	-105.82
gain	39	3	-105.82
gain	3	40	-108.91
gain	40	3	-108.91
gain	3	41	-110.06
gain	41	3	-110.06
gain	3	42	-100.20
gain	42	3	-100.20
gain	3	43	-104.55
gain	43	3	-104.55
gain	3	44	-98.36
gain	44	3	-98.36
gain	3	45	-102.38
gain	45	3	-102.38
gain	3	46	-106.59
gain	46	3	-106.59
gain	3	47	-108.70
gain	47	3	-108.70
gain	3	48	-106.71
gain	48	3	-106.71
gain	3	49	-102.27
gain	49	3	-102.27
gain	3	50	-99.74
gain	50	3	-99.74
gain	3	51	-102.94
gain	51	3	-102.94
gain	3	52	-106.22
gain	52	3	-106.22
gain	3	53	-108.64
gain	53	3	-108.64
gain	3	54	-104.62
gain	54	3	-104.62
gain	3	55	-112.65
gain	55	3	-112.65
gain	3	56	-114.86
gain	56	3	-114.86
gain	3	57	-115.21
gain	57	3	-115.21
gain	3	58	-107.76
gain	58	3	-107.76
gain	3	59	-106.40
gain	59	3	-106.40
gain	3	60	-107.48
gain	60	3	-107.48
gain	3	61	-111.67
gain	61	3	-111.67
gain	3	62	-110.24
gain	62	3	-110.24
gain	3	63	-117.14
gain	63	3	-117.14
gain	4	5	-74.49
gain	5	4	-74.49
gain	4	6	-74.13
gain	6	4	-74.13
gain	4	7	-95.74
gain	7	4	-95.74
gain	4	8	-94.95
gain	8	4	-94.95
gain	4	9	-90.96
gain	9	4	-90.96
gain	4	10	-87.02
gain	10	4	-87.02
gain	4	11	-80.67
gain	11	4	-80.67
gain	4	12	-64.15
gain	12	4	-64.15
gain	4	13	-77.22
gain	13	4	-77.22
gain	4	14	-86.79
gain	14	4	-86.79
gain	4	15	-95.91
gain	15	4	-95.91
gain	4	16	-102.55
gain	16	4	-102.55
gain	4	17	-97.13
gain	17	4	-97.13
gain	4	18	-94.86
gain	18	4	-94.86
gain	4	19	-83.84
gain	19	4	-83.84
gain	4	20	-83.23
gain	20	4	-83.23
gain	4	21	-84.89
gain	21	4	-84.89
gain	4	22	-88.64
gain	22	4	-88.64
gain	4	23	-97.47
gain	23	4	-97.47
gain	4	24	-103.18
gain	24	4	-103.18
gain	4	25	-97.70
gain	25	4	-97.70
gain	4	26	-100.03
gain	26	4	-100.03
gain	4	27	-93.12
gain	27	4	-93.12
gain	4	28	-86.56
gain	28	4	-86.56
gain	4	29	-91.21
gain	29	4	-91.21
gain	4	30	-92.85
gain	30	4	-92.85
gain	4	31	-97.20
gain	31	4	-97.20
gain	4	32	-104.00
gain	32	4	-104.00
gain	4	33	-99.02
gain	33	4	-99.02
gain	4	34	-99.03
gain	34	4	-99.03
gain	4	35	-98.70
gain	35	4	-98.70
gain	4	36	-95.67
gain	36	4	-95.67
gain	4	37	-99.12
gain	37	4	-99.12
gain	4	38	-99.26
gain	38	4	-99.26
gain	4	39	-100.23
gain	39	4	-100.23
gain	4	40	-108.61
gain	40	4	-108.61
gain	4	41	-106.25
gain	41	4	-106.25
gain	4	42	-106.86
gain	42	4	-106.86
gain	4	43	-106.22
gain	43	4	-106.22
gain	4	44	-102.51
gain	44	4	-102.51
gain	4	45	-105.37
gain	45	4	-105.37
gain	4	46	-106.12
gain	46	4	-106.12
gain	4	47	-105.10
gain	47	4	-105.10
gain	4	48	-114.58
gain	48	4	-114.58
gain	4	49	-111.28
gain	49	4	-111.28
gain	4	50	-105.20
gain	50	4	-105.20
gain	4	51	-106.14
gain	51	4	-106.14
gain	4	52	-105.66
gain	52	4	-105.66
gain	4	53	-107.38
gain	53	4	-107.38
gain	4	54	-110.04
gain	54	4	-110.04
gain	4	55	-110.13
gain	55	4	-110.13
gain	4	56	-114.41
gain	56	4	-114.41
gain	4	57	-108.38
gain	57	4	-108.38
gain	4	58	-112.34
gain	58	4	-112.34
gain	4	59	-109.12
gain	59	4	-109.12
gain	4	60	-109.64
gain	60	4	-109.64
gain	4	61	-109.74
gain	61	4	-109.74
gain	4	62	-110.47
gain	62	4	-110.47
gain	4	63	-105.99
gain	63	4	-105.99
gain	5	6	-68.30
gain	6	5	-68.30
gain	5	7	-82.78
gain	7	5	-82.78
gain	5	8	-99.83
gain	8	5	-99.83
gain	5	9	-89.45
gain	9	5	-89.45
gain	5	10	-90.90
gain	10	5	-90.90
gain	5	11	-81.06
gain	11	5	-81.06
gain	5	12	-79.66
gain	12	5	-79.66
gain	5	13	-69.92
gain	13	5	-69.92
gain	5	14	-73.79
gain	14	5	-73.79
gain	5	15	-87.91
gain	15	5	-87.91
gain	5	16	-100.77
gain	16	5	-100.77
gain	5	17	-99.58
gain	17	5	-99.58
gain	5	18	-99.17
gain	18	5	-99.17
gain	5	19	-88.40
gain	19	5	-88.40
gain	5	20	-92.78
gain	20	5	-92.78
gain	5	21	-85.31
gain	21	5	-85.31
gain	5	22	-85.53
gain	22	5	-85.53
gain	5	23	-94.97
gain	23	5	-94.97
gain	5	24	-103.19
gain	24	5	-103.19
gain	5	25	-101.35
gain	25	5	-101.35
gain	5	26	-93.47
gain	26	5	-93.47
gain	5	27	-95.15
gain	27	5	-95.15
gain	5	28	-92.15
gain	28	5	-92.15
gain	5	29	-87.19
gain	29	5	-87.19
gain	5	30	-94.78
gain	30	5	-94.78
gain	5	31	-98.01
gain	31	5	-98.01
gain	5	32	-105.97
gain	32	5	-105.97
gain	5	33	-106.86
gain	33	5	-106.86
gain	5	34	-102.28
gain	34	5	-102.28
gain	5	35	-102.60
gain	35	5	-102.60
gain	5	36	-95.80
gain	36	5	-95.80
gain	5	37	-96.51
gain	37	5	-96.51
gain	5	38	-95.95
gain	38	5	-95.95
gain	5	39	-94.75
gain	39	5	-94.75
gain	5	40	-114.41
gain	40	5	-114.41
gain	5	41	-102.19
gain	41	5	-102.19
gain	5	42	-108.06
gain	42	5	-108.06
gain	5	43	-99.36
gain	43	5	-99.36
gain	5	44	-107.31
gain	44	5	-107.31
gain	5	45	-103.72
gain	45	5	-103.72
gain	5	46	-103.88
gain	46	5	-103.88
gain	5	47	-104.04
gain	47	5	-104.04
gain	5	48	-114.24
gain	48	5	-114.24
gain	5	49	-108.25
gain	49	5	-108.25
gain	5	50	-113.42
gain	50	5	-113.42
gain	5	51	-112.80
gain	51	5	-112.80
gain	5	52	-98.03
gain	52	5	-98.03
gain	5	53	-106.02
gain	53	5	-106.02
gain	5	54	-106.88
gain	54	5	-106.88
gain	5	55	-104.66
gain	55	5	-104.66
gain	5	56	-111.12
gain	56	5	-111.12
gain	5	57	-113.22
gain	57	5	-113.22
gain	5	58	-112.06
gain	58	5	-112.06
gain	5	59	-109.21
gain	59	5	-109.21
gain	5	60	-102.77
gain	60	5	-102.77
gain	5	61	-105.78
gain	61	5	-105.78
gain	5	62	-108.87
gain	62	5	-108.87
gain	5	63	-108.19
gain	63	5	-108.19
gain	6	7	-66.71
gain	7	6	-66.71
gain	6	8	-110.21
gain	8	6	-110.21
gain	6	9	-101.98
gain	9	6	-101.98
gain	6	10	-99.07
gain	10	6	-99.07
gain	6	11	-95.10
gain	11	6	-95.10
gain	6	12	-87.20
gain	12	6	-87.20
gain	6	13	-75.72
gain	13	6	-75.72
gain	6	14	-70.75
gain	14	6	-70.75
gain	6	15	-71.36
gain	15	6	-71.36
gain	6	16	-105.58
gain	16	6	-105.58
gain	6	17	-105.72
gain	17	6	-105.72
gain	6	18	-100.70
gain	18	6	-100.70
gain	6	19	-92.50
gain	19	6	-92.50
gain	6	20	-88.52
gain	20	6	-88.52
gain	6	21	-87.90
gain	21	6	-87.90
gain	6	22	-85.29
gain	22	6	-85.29
gain	6	23	-89.35
gain	23	6	-89.35
gain	6	24	-108.38
gain	24	6	-108.38
gain	6	25	-103.14
gain	25	6	-103.14
gain	6	26	-100.30
gain	26	6	-100.30
gain	6	27	-105.29
gain	27	6	-105.29
gain	6	28	-91.94
gain	28	6	-91.94
gain	6	29	-87.78
gain	29	6	-87.78
gain	6	30	-92.36
gain	30	6	-92.36
gain	6	31	-96.42
gain	31	6	-96.42
gain	6	32	-109.22
gain	32	6	-109.22
gain	6	33	-104.66
gain	33	6	-104.66
gain	6	34	-102.31
gain	34	6	-102.31
gain	6	35	-102.82
gain	35	6	-102.82
gain	6	36	-101.28
gain	36	6	-101.28
gain	6	37	-101.09
gain	37	6	-101.09
gain	6	38	-98.84
gain	38	6	-98.84
gain	6	39	-94.77
gain	39	6	-94.77
gain	6	40	-108.86
gain	40	6	-108.86
gain	6	41	-110.69
gain	41	6	-110.69
gain	6	42	-111.12
gain	42	6	-111.12
gain	6	43	-103.49
gain	43	6	-103.49
gain	6	44	-103.37
gain	44	6	-103.37
gain	6	45	-103.25
gain	45	6	-103.25
gain	6	46	-108.00
gain	46	6	-108.00
gain	6	47	-101.67
gain	47	6	-101.67
gain	6	48	-116.21
gain	48	6	-116.21
gain	6	49	-109.51
gain	49	6	-109.51
gain	6	50	-111.51
gain	50	6	-111.51
gain	6	51	-111.26
gain	51	6	-111.26
gain	6	52	-109.50
gain	52	6	-109.50
gain	6	53	-103.54
gain	53	6	-103.54
gain	6	54	-105.02
gain	54	6	-105.02
gain	6	55	-104.51
gain	55	6	-104.51
gain	6	56	-120.17
gain	56	6	-120.17
gain	6	57	-111.82
gain	57	6	-111.82
gain	6	58	-113.85
gain	58	6	-113.85
gain	6	59	-106.29
gain	59	6	-106.29
gain	6	60	-113.52
gain	60	6	-113.52
gain	6	61	-114.26
gain	61	6	-114.26
gain	6	62	-110.34
gain	62	6	-110.34
gain	6	63	-106.52
gain	63	6	-106.52
gain	7	8	-102.89
gain	8	7	-102.89
gain	7	9	-103.54
gain	9	7	-103.54
gain	7	10	-102.36
gain	10	7	-102.36
gain	7	11	-100.89
gain	11	7	-100.89
gain	7	12	-92.48
gain	12	7	-92.48
gain	7	13	-90.75
gain	13	7	-90.75
gain	7	14	-74.55
gain	14	7	-74.55
gain	7	15	-68.75
gain	15	7	-68.75
gain	7	16	-113.31
gain	16	7	-113.31
gain	7	17	-110.64
gain	17	7	-110.64
gain	7	18	-105.39
gain	18	7	-105.39
gain	7	19	-102.23
gain	19	7	-102.23
gain	7	20	-100.38
gain	20	7	-100.38
gain	7	21	-94.22
gain	21	7	-94.22
gain	7	22	-89.28
gain	22	7	-89.28
gain	7	23	-88.02
gain	23	7	-88.02
gain	7	24	-119.69
gain	24	7	-119.69
gain	7	25	-110.36
gain	25	7	-110.36
gain	7	26	-105.77
gain	26	7	-105.77
gain	7	27	-102.80
gain	27	7	-102.80
gain	7	28	-104.02
gain	28	7	-104.02
gain	7	29	-92.01
gain	29	7	-92.01
gain	7	30	-98.11
gain	30	7	-98.11
gain	7	31	-90.25
gain	31	7	-90.25
gain	7	32	-108.79
gain	32	7	-108.79
gain	7	33	-111.92
gain	33	7	-111.92
gain	7	34	-104.37
gain	34	7	-104.37
gain	7	35	-104.35
gain	35	7	-104.35
gain	7	36	-99.15
gain	36	7	-99.15
gain	7	37	-98.82
gain	37	7	-98.82
gain	7	38	-98.53
gain	38	7	-98.53
gain	7	39	-98.18
gain	39	7	-98.18
gain	7	40	-116.24
gain	40	7	-116.24
gain	7	41	-111.37
gain	41	7	-111.37
gain	7	42	-109.36
gain	42	7	-109.36
gain	7	43	-106.73
gain	43	7	-106.73
gain	7	44	-106.62
gain	44	7	-106.62
gain	7	45	-101.55
gain	45	7	-101.55
gain	7	46	-104.39
gain	46	7	-104.39
gain	7	47	-98.73
gain	47	7	-98.73
gain	7	48	-117.57
gain	48	7	-117.57
gain	7	49	-111.79
gain	49	7	-111.79
gain	7	50	-108.32
gain	50	7	-108.32
gain	7	51	-114.12
gain	51	7	-114.12
gain	7	52	-106.11
gain	52	7	-106.11
gain	7	53	-109.71
gain	53	7	-109.71
gain	7	54	-107.88
gain	54	7	-107.88
gain	7	55	-107.82
gain	55	7	-107.82
gain	7	56	-116.41
gain	56	7	-116.41
gain	7	57	-118.40
gain	57	7	-118.40
gain	7	58	-108.87
gain	58	7	-108.87
gain	7	59	-111.61
gain	59	7	-111.61
gain	7	60	-107.97
gain	60	7	-107.97
gain	7	61	-120.28
gain	61	7	-120.28
gain	7	62	-113.05
gain	62	7	-113.05
gain	7	63	-110.75
gain	63	7	-110.75
gain	8	9	-68.66
gain	9	8	-68.66
gain	8	10	-79.86
gain	10	8	-79.86
gain	8	11	-96.98
gain	11	8	-96.98
gain	8	12	-100.63
gain	12	8	-100.63
gain	8	13	-99.88
gain	13	8	-99.88
gain	8	14	-105.88
gain	14	8	-105.88
gain	8	15	-114.07
gain	15	8	-114.07
gain	8	16	-74.75
gain	16	8	-74.75
gain	8	17	-78.43
gain	17	8	-78.43
gain	8	18	-86.84
gain	18	8	-86.84
gain	8	19	-87.24
gain	19	8	-87.24
gain	8	20	-97.93
gain	20	8	-97.93
gain	8	21	-104.67
gain	21	8	-104.67
gain	8	22	-109.18
gain	22	8	-109.18
gain	8	23	-105.40
gain	23	8	-105.40
gain	8	24	-81.67
gain	24	8	-81.67
gain	8	25	-84.81
gain	25	8	-84.81
gain	8	26	-88.69
gain	26	8	-88.69
gain	8	27	-95.12
gain	27	8	-95.12
gain	8	28	-101.77
gain	28	8	-101.77
gain	8	29	-101.63
gain	29	8	-101.63
gain	8	30	-105.19
gain	30	8	-105.19
gain	8	31	-111.74
gain	31	8	-111.74
gain	8	32	-92.76
gain	32	8	-92.76
gain	8	33	-90.79
gain	33	8	-90.79
gain	8	34	-95.24
gain	34	8	-95.24
gain	8	35	-98.15
gain	35	8	-98.15
gain	8	36	-107.13
gain	36	8	-107.13
gain	8	37	-106.84
gain	37	8	-106.84
gain	8	38	-106.13
gain	38	8	-106.13
gain	8	39	-107.21
gain	39	8	-107.21
gain	8	40	-103.48
gain	40	8	-103.48
gain	8	41	-97.41
gain	41	8	-97.41
gain	8	42	-102.24
gain	42	8	-102.24
gain	8	43	-100.50
gain	43	8	-100.50
gain	8	44	-107.15
gain	44	8	-107.15
gain	8	45	-111.79
gain	45	8	-111.79
gain	8	46	-109.26
gain	46	8	-109.26
gain	8	47	-114.31
gain	47	8	-114.31
gain	8	48	-99.97
gain	48	8	-99.97
gain	8	49	-105.92
gain	49	8	-105.92
gain	8	50	-100.09
gain	50	8	-100.09
gain	8	51	-99.36
gain	51	8	-99.36
gain	8	52	-102.26
gain	52	8	-102.26
gain	8	53	-105.33
gain	53	8	-105.33
gain	8	54	-113.79
gain	54	8	-113.79
gain	8	55	-110.67
gain	55	8	-110.67
gain	8	56	-105.00
gain	56	8	-105.00
gain	8	57	-107.87
gain	57	8	-107.87
gain	8	58	-111.15
gain	58	8	-111.15
gain	8	59	-106.51
gain	59	8	-106.51
gain	8	60	-107.50
gain	60	8	-107.50
gain	8	61	-113.48
gain	61	8	-113.48
gain	8	62	-103.29
gain	62	8	-103.29
gain	8	63	-113.16
gain	63	8	-113.16
gain	9	10	-70.49
gain	10	9	-70.49
gain	9	11	-83.96
gain	11	9	-83.96
gain	9	12	-94.47
gain	12	9	-94.47
gain	9	13	-99.69
gain	13	9	-99.69
gain	9	14	-104.85
gain	14	9	-104.85
gain	9	15	-102.29
gain	15	9	-102.29
gain	9	16	-79.38
gain	16	9	-79.38
gain	9	17	-66.33
gain	17	9	-66.33
gain	9	18	-71.53
gain	18	9	-71.53
gain	9	19	-83.96
gain	19	9	-83.96
gain	9	20	-101.61
gain	20	9	-101.61
gain	9	21	-93.86
gain	21	9	-93.86
gain	9	22	-104.15
gain	22	9	-104.15
gain	9	23	-102.95
gain	23	9	-102.95
gain	9	24	-87.84
gain	24	9	-87.84
gain	9	25	-85.27
gain	25	9	-85.27
gain	9	26	-86.60
gain	26	9	-86.60
gain	9	27	-92.83
gain	27	9	-92.83
gain	9	28	-98.80
gain	28	9	-98.80
gain	9	29	-104.81
gain	29	9	-104.81
gain	9	30	-98.91
gain	30	9	-98.91
gain	9	31	-104.28
gain	31	9	-104.28
gain	9	32	-89.26
gain	32	9	-89.26
gain	9	33	-94.72
gain	33	9	-94.72
gain	9	34	-89.24
gain	34	9	-89.24
gain	9	35	-92.68
gain	35	9	-92.68
gain	9	36	-98.05
gain	36	9	-98.05
gain	9	37	-99.84
gain	37	9	-99.84
gain	9	38	-99.91
gain	38	9	-99.91
gain	9	39	-109.88
gain	39	9	-109.88
gain	9	40	-98.23
gain	40	9	-98.23
gain	9	41	-101.87
gain	41	9	-101.87
gain	9	42	-97.89
gain	42	9	-97.89
gain	9	43	-101.10
gain	43	9	-101.10
gain	9	44	-100.66
gain	44	9	-100.66
gain	9	45	-105.82
gain	45	9	-105.82
gain	9	46	-109.86
gain	46	9	-109.86
gain	9	47	-109.12
gain	47	9	-109.12
gain	9	48	-102.86
gain	48	9	-102.86
gain	9	49	-102.43
gain	49	9	-102.43
gain	9	50	-102.11
gain	50	9	-102.11
gain	9	51	-105.23
gain	51	9	-105.23
gain	9	52	-107.74
gain	52	9	-107.74
gain	9	53	-107.85
gain	53	9	-107.85
gain	9	54	-107.17
gain	54	9	-107.17
gain	9	55	-105.19
gain	55	9	-105.19
gain	9	56	-101.95
gain	56	9	-101.95
gain	9	57	-102.34
gain	57	9	-102.34
gain	9	58	-106.76
gain	58	9	-106.76
gain	9	59	-105.03
gain	59	9	-105.03
gain	9	60	-109.60
gain	60	9	-109.60
gain	9	61	-113.53
gain	61	9	-113.53
gain	9	62	-108.80
gain	62	9	-108.80
gain	9	63	-111.34
gain	63	9	-111.34
gain	10	11	-65.76
gain	11	10	-65.76
gain	10	12	-83.12
gain	12	10	-83.12
gain	10	13	-89.04
gain	13	10	-89.04
gain	10	14	-100.22
gain	14	10	-100.22
gain	10	15	-99.72
gain	15	10	-99.72
gain	10	16	-79.86
gain	16	10	-79.86
gain	10	17	-72.29
gain	17	10	-72.29
gain	10	18	-63.63
gain	18	10	-63.63
gain	10	19	-76.47
gain	19	10	-76.47
gain	10	20	-89.24
gain	20	10	-89.24
gain	10	21	-91.85
gain	21	10	-91.85
gain	10	22	-103.22
gain	22	10	-103.22
gain	10	23	-99.72
gain	23	10	-99.72
gain	10	24	-91.72
gain	24	10	-91.72
gain	10	25	-85.91
gain	25	10	-85.91
gain	10	26	-84.05
gain	26	10	-84.05
gain	10	27	-84.94
gain	27	10	-84.94
gain	10	28	-90.75
gain	28	10	-90.75
gain	10	29	-95.20
gain	29	10	-95.20
gain	10	30	-98.26
gain	30	10	-98.26
gain	10	31	-99.50
gain	31	10	-99.50
gain	10	32	-96.92
gain	32	10	-96.92
gain	10	33	-95.08
gain	33	10	-95.08
gain	10	34	-92.18
gain	34	10	-92.18
gain	10	35	-93.70
gain	35	10	-93.70
gain	10	36	-91.55
gain	36	10	-91.55
gain	10	37	-100.62
gain	37	10	-100.62
gain	10	38	-98.04
gain	38	10	-98.04
gain	10	39	-107.41
gain	39	10	-107.41
gain	10	40	-98.56
gain	40	10	-98.56
gain	10	41	-95.42
gain	41	10	-95.42
gain	10	42	-99.87
gain	42	10	-99.87
gain	10	43	-100.28
gain	43	10	-100.28
gain	10	44	-100.54
gain	44	10	-100.54
gain	10	45	-101.45
gain	45	10	-101.45
gain	10	46	-105.20
gain	46	10	-105.20
gain	10	47	-107.70
gain	47	10	-107.70
gain	10	48	-100.19
gain	48	10	-100.19
gain	10	49	-102.43
gain	49	10	-102.43
gain	10	50	-99.69
gain	50	10	-99.69
gain	10	51	-109.74
gain	51	10	-109.74
gain	10	52	-105.09
gain	52	10	-105.09
gain	10	53	-105.66
gain	53	10	-105.66
gain	10	54	-103.14
gain	54	10	-103.14
gain	10	55	-111.46
gain	55	10	-111.46
gain	10	56	-107.69
gain	56	10	-107.69
gain	10	57	-111.50
gain	57	10	-111.50
gain	10	58	-99.93
gain	58	10	-99.93
gain	10	59	-104.83
gain	59	10	-104.83
gain	10	60	-111.79
gain	60	10	-111.79
gain	10	61	-112.82
gain	61	10	-112.82
gain	10	62	-104.25
gain	62	10	-104.25
gain	10	63	-109.48
gain	63	10	-109.48
gain	11	12	-67.32
gain	12	11	-67.32
gain	11	13	-82.44
gain	13	11	-82.44
gain	11	14	-92.86
gain	14	11	-92.86
gain	11	15	-96.27
gain	15	11	-96.27
gain	11	16	-99.39
gain	16	11	-99.39
gain	11	17	-85.63
gain	17	11	-85.63
gain	11	18	-70.85
gain	18	11	-70.85
gain	11	19	-67.77
gain	19	11	-67.77
gain	11	20	-74.40
gain	20	11	-74.40
gain	11	21	-90.91
gain	21	11	-90.91
gain	11	22	-95.18
gain	22	11	-95.18
gain	11	23	-98.46
gain	23	11	-98.46
gain	11	24	-96.77
gain	24	11	-96.77
gain	11	25	-87.57
gain	25	11	-87.57
gain	11	26	-81.77
gain	26	11	-81.77
gain	11	27	-80.18
gain	27	11	-80.18
gain	11	28	-90.86
gain	28	11	-90.86
gain	11	29	-92.31
gain	29	11	-92.31
gain	11	30	-95.50
gain	30	11	-95.50
gain	11	31	-98.04
gain	31	11	-98.04
gain	11	32	-105.11
gain	32	11	-105.11
gain	11	33	-100.09
gain	33	11	-100.09
gain	11	34	-88.72
gain	34	11	-88.72
gain	11	35	-85.41
gain	35	11	-85.41
gain	11	36	-95.71
gain	36	11	-95.71
gain	11	37	-93.00
gain	37	11	-93.00
gain	11	38	-104.44
gain	38	11	-104.44
gain	11	39	-101.92
gain	39	11	-101.92
gain	11	40	-105.53
gain	40	11	-105.53
gain	11	41	-102.43
gain	41	11	-102.43
gain	11	42	-104.43
gain	42	11	-104.43
gain	11	43	-97.87
gain	43	11	-97.87
gain	11	44	-94.40
gain	44	11	-94.40
gain	11	45	-99.00
gain	45	11	-99.00
gain	11	46	-102.92
gain	46	11	-102.92
gain	11	47	-110.75
gain	47	11	-110.75
gain	11	48	-105.70
gain	48	11	-105.70
gain	11	49	-106.95
gain	49	11	-106.95
gain	11	50	-101.87
gain	50	11	-101.87
gain	11	51	-102.81
gain	51	11	-102.81
gain	11	52	-104.43
gain	52	11	-104.43
gain	11	53	-105.56
gain	53	11	-105.56
gain	11	54	-102.76
gain	54	11	-102.76
gain	11	55	-110.27
gain	55	11	-110.27
gain	11	56	-112.04
gain	56	11	-112.04
gain	11	57	-109.88
gain	57	11	-109.88
gain	11	58	-114.08
gain	58	11	-114.08
gain	11	59	-110.96
gain	59	11	-110.96
gain	11	60	-108.45
gain	60	11	-108.45
gain	11	61	-112.72
gain	61	11	-112.72
gain	11	62	-109.06
gain	62	11	-109.06
gain	11	63	-111.43
gain	63	11	-111.43
gain	12	13	-70.76
gain	13	12	-70.76
gain	12	14	-82.19
gain	14	12	-82.19
gain	12	15	-97.96
gain	15	12	-97.96
gain	12	16	-104.80
gain	16	12	-104.80
gain	12	17	-94.46
gain	17	12	-94.46
gain	12	18	-85.81
gain	18	12	-85.81
gain	12	19	-78.89
gain	19	12	-78.89
gain	12	20	-72.27
gain	20	12	-72.27
gain	12	21	-69.91
gain	21	12	-69.91
gain	12	22	-84.67
gain	22	12	-84.67
gain	12	23	-93.86
gain	23	12	-93.86
gain	12	24	-97.64
gain	24	12	-97.64
gain	12	25	-92.78
gain	25	12	-92.78
gain	12	26	-93.82
gain	26	12	-93.82
gain	12	27	-81.89
gain	27	12	-81.89
gain	12	28	-80.72
gain	28	12	-80.72
gain	12	29	-89.62
gain	29	12	-89.62
gain	12	30	-93.37
gain	30	12	-93.37
gain	12	31	-98.49
gain	31	12	-98.49
gain	12	32	-104.26
gain	32	12	-104.26
gain	12	33	-94.83
gain	33	12	-94.83
gain	12	34	-97.54
gain	34	12	-97.54
gain	12	35	-95.90
gain	35	12	-95.90
gain	12	36	-88.95
gain	36	12	-88.95
gain	12	37	-91.55
gain	37	12	-91.55
gain	12	38	-98.56
gain	38	12	-98.56
gain	12	39	-98.27
gain	39	12	-98.27
gain	12	40	-107.25
gain	40	12	-107.25
gain	12	41	-105.51
gain	41	12	-105.51
gain	12	42	-103.91
gain	42	12	-103.91
gain	12	43	-96.12
gain	43	12	-96.12
gain	12	44	-93.71
gain	44	12	-93.71
gain	12	45	-97.99
gain	45	12	-97.99
gain	12	46	-100.79
gain	46	12	-100.79
gain	12	47	-98.18
gain	47	12	-98.18
gain	12	48	-107.60
gain	48	12	-107.60
gain	12	49	-102.37
gain	49	12	-102.37
gain	12	50	-103.24
gain	50	12	-103.24
gain	12	51	-107.70
gain	51	12	-107.70
gain	12	52	-105.12
gain	52	12	-105.12
gain	12	53	-102.15
gain	53	12	-102.15
gain	12	54	-97.79
gain	54	12	-97.79
gain	12	55	-105.99
gain	55	12	-105.99
gain	12	56	-111.26
gain	56	12	-111.26
gain	12	57	-107.68
gain	57	12	-107.68
gain	12	58	-104.50
gain	58	12	-104.50
gain	12	59	-104.78
gain	59	12	-104.78
gain	12	60	-106.48
gain	60	12	-106.48
gain	12	61	-108.94
gain	61	12	-108.94
gain	12	62	-107.77
gain	62	12	-107.77
gain	12	63	-106.83
gain	63	12	-106.83
gain	13	14	-68.40
gain	14	13	-68.40
gain	13	15	-85.96
gain	15	13	-85.96
gain	13	16	-100.78
gain	16	13	-100.78
gain	13	17	-95.44
gain	17	13	-95.44
gain	13	18	-92.00
gain	18	13	-92.00
gain	13	19	-85.51
gain	19	13	-85.51
gain	13	20	-80.00
gain	20	13	-80.00
gain	13	21	-69.82
gain	21	13	-69.82
gain	13	22	-76.15
gain	22	13	-76.15
gain	13	23	-84.13
gain	23	13	-84.13
gain	13	24	-101.47
gain	24	13	-101.47
gain	13	25	-106.11
gain	25	13	-106.11
gain	13	26	-93.48
gain	26	13	-93.48
gain	13	27	-86.63
gain	27	13	-86.63
gain	13	28	-84.38
gain	28	13	-84.38
gain	13	29	-80.68
gain	29	13	-80.68
gain	13	30	-87.99
gain	30	13	-87.99
gain	13	31	-88.03
gain	31	13	-88.03
gain	13	32	-105.50
gain	32	13	-105.50
gain	13	33	-105.36
gain	33	13	-105.36
gain	13	34	-99.52
gain	34	13	-99.52
gain	13	35	-96.02
gain	35	13	-96.02
gain	13	36	-100.13
gain	36	13	-100.13
gain	13	37	-95.38
gain	37	13	-95.38
gain	13	38	-89.04
gain	38	13	-89.04
gain	13	39	-96.62
gain	39	13	-96.62
gain	13	40	-113.01
gain	40	13	-113.01
gain	13	41	-106.65
gain	41	13	-106.65
gain	13	42	-102.93
gain	42	13	-102.93
gain	13	43	-100.30
gain	43	13	-100.30
gain	13	44	-97.95
gain	44	13	-97.95
gain	13	45	-98.41
gain	45	13	-98.41
gain	13	46	-100.14
gain	46	13	-100.14
gain	13	47	-96.65
gain	47	13	-96.65
gain	13	48	-110.11
gain	48	13	-110.11
gain	13	49	-105.38
gain	49	13	-105.38
gain	13	50	-109.28
gain	50	13	-109.28
gain	13	51	-104.46
gain	51	13	-104.46
gain	13	52	-102.92
gain	52	13	-102.92
gain	13	53	-102.69
gain	53	13	-102.69
gain	13	54	-101.14
gain	54	13	-101.14
gain	13	55	-101.15
gain	55	13	-101.15
gain	13	56	-114.61
gain	56	13	-114.61
gain	13	57	-114.86
gain	57	13	-114.86
gain	13	58	-105.15
gain	58	13	-105.15
gain	13	59	-106.42
gain	59	13	-106.42
gain	13	60	-105.19
gain	60	13	-105.19
gain	13	61	-105.76
gain	61	13	-105.76
gain	13	62	-106.70
gain	62	13	-106.70
gain	13	63	-110.65
gain	63	13	-110.65
gain	14	15	-71.18
gain	15	14	-71.18
gain	14	16	-109.44
gain	16	14	-109.44
gain	14	17	-98.48
gain	17	14	-98.48
gain	14	18	-99.04
gain	18	14	-99.04
gain	14	19	-94.80
gain	19	14	-94.80
gain	14	20	-84.34
gain	20	14	-84.34
gain	14	21	-73.24
gain	21	14	-73.24
gain	14	22	-68.20
gain	22	14	-68.20
gain	14	23	-76.97
gain	23	14	-76.97
gain	14	24	-108.19
gain	24	14	-108.19
gain	14	25	-106.62
gain	25	14	-106.62
gain	14	26	-102.52
gain	26	14	-102.52
gain	14	27	-96.35
gain	27	14	-96.35
gain	14	28	-88.84
gain	28	14	-88.84
gain	14	29	-86.71
gain	29	14	-86.71
gain	14	30	-90.21
gain	30	14	-90.21
gain	14	31	-85.96
gain	31	14	-85.96
gain	14	32	-101.46
gain	32	14	-101.46
gain	14	33	-106.63
gain	33	14	-106.63
gain	14	34	-99.96
gain	34	14	-99.96
gain	14	35	-100.60
gain	35	14	-100.60
gain	14	36	-102.28
gain	36	14	-102.28
gain	14	37	-93.03
gain	37	14	-93.03
gain	14	38	-92.67
gain	38	14	-92.67
gain	14	39	-93.24
gain	39	14	-93.24
gain	14	40	-111.31
gain	40	14	-111.31
gain	14	41	-109.75
gain	41	14	-109.75
gain	14	42	-105.80
gain	42	14	-105.80
gain	14	43	-107.11
gain	43	14	-107.11
gain	14	44	-99.78
gain	44	14	-99.78
gain	14	45	-96.30
gain	45	14	-96.30
gain	14	46	-102.17
gain	46	14	-102.17
gain	14	47	-92.46
gain	47	14	-92.46
gain	14	48	-115.75
gain	48	14	-115.75
gain	14	49	-108.40
gain	49	14	-108.40
gain	14	50	-106.32
gain	50	14	-106.32
gain	14	51	-102.88
gain	51	14	-102.88
gain	14	52	-101.58
gain	52	14	-101.58
gain	14	53	-100.21
gain	53	14	-100.21
gain	14	54	-105.04
gain	54	14	-105.04
gain	14	55	-102.98
gain	55	14	-102.98
gain	14	56	-114.13
gain	56	14	-114.13
gain	14	57	-111.82
gain	57	14	-111.82
gain	14	58	-108.73
gain	58	14	-108.73
gain	14	59	-110.71
gain	59	14	-110.71
gain	14	60	-107.87
gain	60	14	-107.87
gain	14	61	-106.65
gain	61	14	-106.65
gain	14	62	-111.09
gain	62	14	-111.09
gain	14	63	-105.10
gain	63	14	-105.10
gain	15	16	-106.49
gain	16	15	-106.49
gain	15	17	-100.95
gain	17	15	-100.95
gain	15	18	-103.69
gain	18	15	-103.69
gain	15	19	-98.62
gain	19	15	-98.62
gain	15	20	-94.73
gain	20	15	-94.73
gain	15	21	-84.80
gain	21	15	-84.80
gain	15	22	-73.62
gain	22	15	-73.62
gain	15	23	-66.55
gain	23	15	-66.55
gain	15	24	-109.60
gain	24	15	-109.60
gain	15	25	-106.87
gain	25	15	-106.87
gain	15	26	-105.76
gain	26	15	-105.76
gain	15	27	-98.09
gain	27	15	-98.09
gain	15	28	-91.53
gain	28	15	-91.53
gain	15	29	-86.59
gain	29	15	-86.59
gain	15	30	-79.48
gain	30	15	-79.48
gain	15	31	-81.96
gain	31	15	-81.96
gain	15	32	-111.42
gain	32	15	-111.42
gain	15	33	-106.85
gain	33	15	-106.85
gain	15	34	-102.92
gain	34	15	-102.92
gain	15	35	-100.74
gain	35	15	-100.74
gain	15	36	-97.59
gain	36	15	-97.59
gain	15	37	-96.65
gain	37	15	-96.65
gain	15	38	-95.92
gain	38	15	-95.92
gain	15	39	-88.62
gain	39	15	-88.62
gain	15	40	-117.06
gain	40	15	-117.06
gain	15	41	-119.67
gain	41	15	-119.67
gain	15	42	-105.27
gain	42	15	-105.27
gain	15	43	-103.42
gain	43	15	-103.42
gain	15	44	-100.40
gain	44	15	-100.40
gain	15	45	-99.09
gain	45	15	-99.09
gain	15	46	-98.31
gain	46	15	-98.31
gain	15	47	-98.16
gain	47	15	-98.16
gain	15	48	-111.93
gain	48	15	-111.93
gain	15	49	-112.61
gain	49	15	-112.61
gain	15	50	-114.19
gain	50	15	-114.19
gain	15	51	-109.11
gain	51	15	-109.11
gain	15	52	-107.45
gain	52	15	-107.45
gain	15	53	-96.82
gain	53	15	-96.82
gain	15	54	-100.69
gain	54	15	-100.69
gain	15	55	-102.55
gain	55	15	-102.55
gain	15	56	-112.85
gain	56	15	-112.85
gain	15	57	-110.91
gain	57	15	-110.91
gain	15	58	-114.04
gain	58	15	-114.04
gain	15	59	-110.56
gain	59	15	-110.56
gain	15	60	-109.34
gain	60	15	-109.34
gain	15	61	-109.98
gain	61	15	-109.98
gain	15	62	-101.24
gain	62	15	-101.24
gain	15	63	-105.64
gain	63	15	-105.64
gain	16	17	-69.16
gain	17	16	-69.16
gain	16	18	-83.81
gain	18	16	-83.81
gain	16	19	-89.57
gain	19	16	-89.57
gain	16	20	-95.67
gain	20	16	-95.67
gain	16	21	-99.45
gain	21	16	-99.45
gain	16	22	-105.94
gain	22	16	-105.94
gain	16	23	-105.95
gain	23	16	-105.95
gain	16	24	-74.59
gain	24	16	-74.59
gain	16	25	-73.50
gain	25	16	-73.50
gain	16	26	-81.79
gain	26	16	-81.79
gain	16	27	-98.26
gain	27	16	-98.26
gain	16	28	-93.40
gain	28	16	-93.40
gain	16	29	-104.66
gain	29	16	-104.66
gain	16	30	-103.32
gain	30	16	-103.32
gain	16	31	-110.73
gain	31	16	-110.73
gain	16	32	-90.98
gain	32	16	-90.98
gain	16	33	-88.64
gain	33	16	-88.64
gain	16	34	-86.74
gain	34	16	-86.74
gain	16	35	-102.18
gain	35	16	-102.18
gain	16	36	-99.93
gain	36	16	-99.93
gain	16	37	-106.08
gain	37	16	-106.08
gain	16	38	-100.87
gain	38	16	-100.87
gain	16	39	-106.35
gain	39	16	-106.35
gain	16	40	-88.64
gain	40	16	-88.64
gain	16	41	-97.89
gain	41	16	-97.89
gain	16	42	-96.34
gain	42	16	-96.34
gain	16	43	-97.81
gain	43	16	-97.81
gain	16	44	-102.69
gain	44	16	-102.69
gain	16	45	-104.90
gain	45	16	-104.90
gain	16	46	-105.76
gain	46	16	-105.76
gain	16	47	-116.08
gain	47	16	-116.08
gain	16	48	-100.01
gain	48	16	-100.01
gain	16	49	-94.63
gain	49	16	-94.63
gain	16	50	-98.72
gain	50	16	-98.72
gain	16	51	-98.94
gain	51	16	-98.94
gain	16	52	-106.65
gain	52	16	-106.65
gain	16	53	-110.39
gain	53	16	-110.39
gain	16	54	-111.21
gain	54	16	-111.21
gain	16	55	-112.94
gain	55	16	-112.94
gain	16	56	-99.75
gain	56	16	-99.75
gain	16	57	-105.95
gain	57	16	-105.95
gain	16	58	-103.08
gain	58	16	-103.08
gain	16	59	-106.47
gain	59	16	-106.47
gain	16	60	-107.44
gain	60	16	-107.44
gain	16	61	-107.73
gain	61	16	-107.73
gain	16	62	-109.48
gain	62	16	-109.48
gain	16	63	-114.35
gain	63	16	-114.35
gain	17	18	-71.07
gain	18	17	-71.07
gain	17	19	-85.76
gain	19	17	-85.76
gain	17	20	-98.37
gain	20	17	-98.37
gain	17	21	-94.68
gain	21	17	-94.68
gain	17	22	-96.60
gain	22	17	-96.60
gain	17	23	-107.08
gain	23	17	-107.08
gain	17	24	-74.82
gain	24	17	-74.82
gain	17	25	-63.34
gain	25	17	-63.34
gain	17	26	-78.97
gain	26	17	-78.97
gain	17	27	-79.48
gain	27	17	-79.48
gain	17	28	-93.15
gain	28	17	-93.15
gain	17	29	-98.75
gain	29	17	-98.75
gain	17	30	-101.53
gain	30	17	-101.53
gain	17	31	-104.55
gain	31	17	-104.55
gain	17	32	-86.90
gain	32	17	-86.90
gain	17	33	-84.22
gain	33	17	-84.22
gain	17	34	-86.09
gain	34	17	-86.09
gain	17	35	-85.52
gain	35	17	-85.52
gain	17	36	-96.21
gain	36	17	-96.21
gain	17	37	-96.86
gain	37	17	-96.86
gain	17	38	-107.33
gain	38	17	-107.33
gain	17	39	-106.24
gain	39	17	-106.24
gain	17	40	-94.67
gain	40	17	-94.67
gain	17	41	-87.30
gain	41	17	-87.30
gain	17	42	-87.23
gain	42	17	-87.23
gain	17	43	-99.63
gain	43	17	-99.63
gain	17	44	-106.46
gain	44	17	-106.46
gain	17	45	-108.64
gain	45	17	-108.64
gain	17	46	-105.63
gain	46	17	-105.63
gain	17	47	-110.04
gain	47	17	-110.04
gain	17	48	-97.31
gain	48	17	-97.31
gain	17	49	-97.38
gain	49	17	-97.38
gain	17	50	-107.07
gain	50	17	-107.07
gain	17	51	-99.34
gain	51	17	-99.34
gain	17	52	-104.12
gain	52	17	-104.12
gain	17	53	-110.15
gain	53	17	-110.15
gain	17	54	-107.97
gain	54	17	-107.97
gain	17	55	-108.61
gain	55	17	-108.61
gain	17	56	-97.47
gain	56	17	-97.47
gain	17	57	-99.69
gain	57	17	-99.69
gain	17	58	-102.24
gain	58	17	-102.24
gain	17	59	-100.50
gain	59	17	-100.50
gain	17	60	-97.15
gain	60	17	-97.15
gain	17	61	-107.76
gain	61	17	-107.76
gain	17	62	-114.06
gain	62	17	-114.06
gain	17	63	-113.04
gain	63	17	-113.04
gain	18	19	-69.25
gain	19	18	-69.25
gain	18	20	-81.31
gain	20	18	-81.31
gain	18	21	-94.12
gain	21	18	-94.12
gain	18	22	-97.72
gain	22	18	-97.72
gain	18	23	-104.35
gain	23	18	-104.35
gain	18	24	-83.81
gain	24	18	-83.81
gain	18	25	-76.48
gain	25	18	-76.48
gain	18	26	-69.44
gain	26	18	-69.44
gain	18	27	-78.94
gain	27	18	-78.94
gain	18	28	-84.45
gain	28	18	-84.45
gain	18	29	-86.08
gain	29	18	-86.08
gain	18	30	-99.44
gain	30	18	-99.44
gain	18	31	-113.65
gain	31	18	-113.65
gain	18	32	-88.27
gain	32	18	-88.27
gain	18	33	-85.73
gain	33	18	-85.73
gain	18	34	-82.20
gain	34	18	-82.20
gain	18	35	-85.73
gain	35	18	-85.73
gain	18	36	-91.05
gain	36	18	-91.05
gain	18	37	-96.33
gain	37	18	-96.33
gain	18	38	-104.08
gain	38	18	-104.08
gain	18	39	-99.40
gain	39	18	-99.40
gain	18	40	-96.17
gain	40	18	-96.17
gain	18	41	-87.09
gain	41	18	-87.09
gain	18	42	-88.83
gain	42	18	-88.83
gain	18	43	-93.35
gain	43	18	-93.35
gain	18	44	-97.84
gain	44	18	-97.84
gain	18	45	-99.43
gain	45	18	-99.43
gain	18	46	-95.86
gain	46	18	-95.86
gain	18	47	-109.21
gain	47	18	-109.21
gain	18	48	-98.02
gain	48	18	-98.02
gain	18	49	-98.15
gain	49	18	-98.15
gain	18	50	-95.72
gain	50	18	-95.72
gain	18	51	-104.78
gain	51	18	-104.78
gain	18	52	-95.74
gain	52	18	-95.74
gain	18	53	-97.67
gain	53	18	-97.67
gain	18	54	-108.68
gain	54	18	-108.68
gain	18	55	-100.16
gain	55	18	-100.16
gain	18	56	-105.96
gain	56	18	-105.96
gain	18	57	-99.61
gain	57	18	-99.61
gain	18	58	-105.38
gain	58	18	-105.38
gain	18	59	-104.79
gain	59	18	-104.79
gain	18	60	-106.59
gain	60	18	-106.59
gain	18	61	-101.14
gain	61	18	-101.14
gain	18	62	-101.77
gain	62	18	-101.77
gain	18	63	-105.00
gain	63	18	-105.00
gain	19	20	-78.37
gain	20	19	-78.37
gain	19	21	-82.66
gain	21	19	-82.66
gain	19	22	-88.52
gain	22	19	-88.52
gain	19	23	-97.01
gain	23	19	-97.01
gain	19	24	-95.34
gain	24	19	-95.34
gain	19	25	-89.47
gain	25	19	-89.47
gain	19	26	-80.54
gain	26	19	-80.54
gain	19	27	-74.13
gain	27	19	-74.13
gain	19	28	-71.59
gain	28	19	-71.59
gain	19	29	-88.16
gain	29	19	-88.16
gain	19	30	-91.72
gain	30	19	-91.72
gain	19	31	-103.38
gain	31	19	-103.38
gain	19	32	-86.20
gain	32	19	-86.20
gain	19	33	-88.78
gain	33	19	-88.78
gain	19	34	-87.59
gain	34	19	-87.59
gain	19	35	-82.05
gain	35	19	-82.05
gain	19	36	-87.19
gain	36	19	-87.19
gain	19	37	-87.31
gain	37	19	-87.31
gain	19	38	-99.37
gain	38	19	-99.37
gain	19	39	-98.05
gain	39	19	-98.05
gain	19	40	-98.77
gain	40	19	-98.77
gain	19	41	-95.98
gain	41	19	-95.98
gain	19	42	-94.36
gain	42	19	-94.36
gain	19	43	-87.58
gain	43	19	-87.58
gain	19	44	-93.83
gain	44	19	-93.83
gain	19	45	-91.39
gain	45	19	-91.39
gain	19	46	-94.58
gain	46	19	-94.58
gain	19	47	-100.77
gain	47	19	-100.77
gain	19	48	-107.86
gain	48	19	-107.86
gain	19	49	-99.52
gain	49	19	-99.52
gain	19	50	-98.73
gain	50	19	-98.73
gain	19	51	-98.35
gain	51	19	-98.35
gain	19	52	-92.37
gain	52	19	-92.37
gain	19	53	-103.20
gain	53	19	-103.20
gain	19	54	-97.03
gain	54	19	-97.03
gain	19	55	-101.16
gain	55	19	-101.16
gain	19	56	-108.09
gain	56	19	-108.09
gain	19	57	-105.15
gain	57	19	-105.15
gain	19	58	-101.49
gain	58	19	-101.49
gain	19	59	-101.89
gain	59	19	-101.89
gain	19	60	-100.27
gain	60	19	-100.27
gain	19	61	-105.21
gain	61	19	-105.21
gain	19	62	-105.15
gain	62	19	-105.15
gain	19	63	-104.64
gain	63	19	-104.64
gain	20	21	-66.67
gain	21	20	-66.67
gain	20	22	-81.35
gain	22	20	-81.35
gain	20	23	-93.48
gain	23	20	-93.48
gain	20	24	-102.54
gain	24	20	-102.54
gain	20	25	-94.72
gain	25	20	-94.72
gain	20	26	-86.16
gain	26	20	-86.16
gain	20	27	-77.08
gain	27	20	-77.08
gain	20	28	-67.46
gain	28	20	-67.46
gain	20	29	-74.72
gain	29	20	-74.72
gain	20	30	-90.01
gain	30	20	-90.01
gain	20	31	-92.44
gain	31	20	-92.44
gain	20	32	-105.71
gain	32	20	-105.71
gain	20	33	-96.54
gain	33	20	-96.54
gain	20	34	-89.14
gain	34	20	-89.14
gain	20	35	-84.86
gain	35	20	-84.86
gain	20	36	-84.00
gain	36	20	-84.00
gain	20	37	-83.06
gain	37	20	-83.06
gain	20	38	-91.57
gain	38	20	-91.57
gain	20	39	-96.17
gain	39	20	-96.17
gain	20	40	-101.32
gain	40	20	-101.32
gain	20	41	-97.81
gain	41	20	-97.81
gain	20	42	-92.75
gain	42	20	-92.75
gain	20	43	-88.60
gain	43	20	-88.60
gain	20	44	-92.50
gain	44	20	-92.50
gain	20	45	-97.45
gain	45	20	-97.45
gain	20	46	-95.81
gain	46	20	-95.81
gain	20	47	-95.36
gain	47	20	-95.36
gain	20	48	-106.62
gain	48	20	-106.62
gain	20	49	-97.02
gain	49	20	-97.02
gain	20	50	-104.34
gain	50	20	-104.34
gain	20	51	-99.65
gain	51	20	-99.65
gain	20	52	-98.73
gain	52	20	-98.73
gain	20	53	-98.35
gain	53	20	-98.35
gain	20	54	-99.71
gain	54	20	-99.71
gain	20	55	-98.23
gain	55	20	-98.23
gain	20	56	-113.67
gain	56	20	-113.67
gain	20	57	-109.70
gain	57	20	-109.70
gain	20	58	-103.86
gain	58	20	-103.86
gain	20	59	-101.03
gain	59	20	-101.03
gain	20	60	-104.00
gain	60	20	-104.00
gain	20	61	-106.12
gain	61	20	-106.12
gain	20	62	-99.11
gain	62	20	-99.11
gain	20	63	-107.77
gain	63	20	-107.77
gain	21	22	-69.98
gain	22	21	-69.98
gain	21	23	-81.72
gain	23	21	-81.72
gain	21	24	-101.64
gain	24	21	-101.64
gain	21	25	-98.92
gain	25	21	-98.92
gain	21	26	-90.69
gain	26	21	-90.69
gain	21	27	-87.84
gain	27	21	-87.84
gain	21	28	-72.36
gain	28	21	-72.36
gain	21	29	-65.63
gain	29	21	-65.63
gain	21	30	-81.62
gain	30	21	-81.62
gain	21	31	-90.19
gain	31	21	-90.19
gain	21	32	-112.22
gain	32	21	-112.22
gain	21	33	-101.50
gain	33	21	-101.50
gain	21	34	-96.86
gain	34	21	-96.86
gain	21	35	-93.00
gain	35	21	-93.00
gain	21	36	-78.91
gain	36	21	-78.91
gain	21	37	-80.24
gain	37	21	-80.24
gain	21	38	-86.28
gain	38	21	-86.28
gain	21	39	-90.51
gain	39	21	-90.51
gain	21	40	-104.58
gain	40	21	-104.58
gain	21	41	-105.64
gain	41	21	-105.64
gain	21	42	-95.60
gain	42	21	-95.60
gain	21	43	-102.60
gain	43	21	-102.60
gain	21	44	-97.15
gain	44	21	-97.15
gain	21	45	-93.12
gain	45	21	-93.12
gain	21	46	-93.11
gain	46	21	-93.11
gain	21	47	-94.93
gain	47	21	-94.93
gain	21	48	-107.53
gain	48	21	-107.53
gain	21	49	-106.02
gain	49	21	-106.02
gain	21	50	-104.67
gain	50	21	-104.67
gain	21	51	-100.03
gain	51	21	-100.03
gain	21	52	-98.56
gain	52	21	-98.56
gain	21	53	-92.27
gain	53	21	-92.27
gain	21	54	-86.93
gain	54	21	-86.93
gain	21	55	-98.54
gain	55	21	-98.54
gain	21	56	-111.20
gain	56	21	-111.20
gain	21	57	-107.87
gain	57	21	-107.87
gain	21	58	-107.01
gain	58	21	-107.01
gain	21	59	-98.08
gain	59	21	-98.08
gain	21	60	-97.49
gain	60	21	-97.49
gain	21	61	-101.73
gain	61	21	-101.73
gain	21	62	-106.18
gain	62	21	-106.18
gain	21	63	-102.71
gain	63	21	-102.71
gain	22	23	-67.76
gain	23	22	-67.76
gain	22	24	-105.41
gain	24	22	-105.41
gain	22	25	-105.13
gain	25	22	-105.13
gain	22	26	-101.71
gain	26	22	-101.71
gain	22	27	-93.42
gain	27	22	-93.42
gain	22	28	-90.59
gain	28	22	-90.59
gain	22	29	-80.94
gain	29	22	-80.94
gain	22	30	-75.61
gain	30	22	-75.61
gain	22	31	-78.35
gain	31	22	-78.35
gain	22	32	-105.40
gain	32	22	-105.40
gain	22	33	-101.17
gain	33	22	-101.17
gain	22	34	-101.07
gain	34	22	-101.07
gain	22	35	-100.18
gain	35	22	-100.18
gain	22	36	-91.53
gain	36	22	-91.53
gain	22	37	-81.11
gain	37	22	-81.11
gain	22	38	-84.67
gain	38	22	-84.67
gain	22	39	-86.68
gain	39	22	-86.68
gain	22	40	-104.33
gain	40	22	-104.33
gain	22	41	-105.57
gain	41	22	-105.57
gain	22	42	-106.31
gain	42	22	-106.31
gain	22	43	-103.05
gain	43	22	-103.05
gain	22	44	-96.22
gain	44	22	-96.22
gain	22	45	-92.85
gain	45	22	-92.85
gain	22	46	-91.66
gain	46	22	-91.66
gain	22	47	-90.69
gain	47	22	-90.69
gain	22	48	-113.19
gain	48	22	-113.19
gain	22	49	-101.40
gain	49	22	-101.40
gain	22	50	-107.43
gain	50	22	-107.43
gain	22	51	-105.17
gain	51	22	-105.17
gain	22	52	-98.79
gain	52	22	-98.79
gain	22	53	-97.28
gain	53	22	-97.28
gain	22	54	-94.88
gain	54	22	-94.88
gain	22	55	-99.58
gain	55	22	-99.58
gain	22	56	-109.67
gain	56	22	-109.67
gain	22	57	-106.33
gain	57	22	-106.33
gain	22	58	-112.12
gain	58	22	-112.12
gain	22	59	-105.44
gain	59	22	-105.44
gain	22	60	-109.24
gain	60	22	-109.24
gain	22	61	-96.56
gain	61	22	-96.56
gain	22	62	-104.97
gain	62	22	-104.97
gain	22	63	-104.26
gain	63	22	-104.26
gain	23	24	-112.79
gain	24	23	-112.79
gain	23	25	-105.01
gain	25	23	-105.01
gain	23	26	-102.80
gain	26	23	-102.80
gain	23	27	-101.68
gain	27	23	-101.68
gain	23	28	-88.54
gain	28	23	-88.54
gain	23	29	-88.72
gain	29	23	-88.72
gain	23	30	-75.04
gain	30	23	-75.04
gain	23	31	-71.12
gain	31	23	-71.12
gain	23	32	-109.88
gain	32	23	-109.88
gain	23	33	-106.11
gain	33	23	-106.11
gain	23	34	-109.16
gain	34	23	-109.16
gain	23	35	-104.82
gain	35	23	-104.82
gain	23	36	-95.15
gain	36	23	-95.15
gain	23	37	-90.78
gain	37	23	-90.78
gain	23	38	-83.77
gain	38	23	-83.77
gain	23	39	-77.01
gain	39	23	-77.01
gain	23	40	-116.07
gain	40	23	-116.07
gain	23	41	-105.08
gain	41	23	-105.08
gain	23	42	-106.41
gain	42	23	-106.41
gain	23	43	-100.28
gain	43	23	-100.28
gain	23	44	-102.14
gain	44	23	-102.14
gain	23	45	-92.53
gain	45	23	-92.53
gain	23	46	-92.59
gain	46	23	-92.59
gain	23	47	-95.21
gain	47	23	-95.21
gain	23	48	-115.38
gain	48	23	-115.38
gain	23	49	-108.45
gain	49	23	-108.45
gain	23	50	-107.97
gain	50	23	-107.97
gain	23	51	-103.55
gain	51	23	-103.55
gain	23	52	-102.82
gain	52	23	-102.82
gain	23	53	-92.81
gain	53	23	-92.81
gain	23	54	-94.90
gain	54	23	-94.90
gain	23	55	-98.01
gain	55	23	-98.01
gain	23	56	-118.13
gain	56	23	-118.13
gain	23	57	-106.75
gain	57	23	-106.75
gain	23	58	-109.58
gain	58	23	-109.58
gain	23	59	-103.83
gain	59	23	-103.83
gain	23	60	-106.85
gain	60	23	-106.85
gain	23	61	-105.87
gain	61	23	-105.87
gain	23	62	-107.45
gain	62	23	-107.45
gain	23	63	-105.01
gain	63	23	-105.01
gain	24	25	-66.20
gain	25	24	-66.20
gain	24	26	-80.21
gain	26	24	-80.21
gain	24	27	-88.38
gain	27	24	-88.38
gain	24	28	-99.69
gain	28	24	-99.69
gain	24	29	-109.92
gain	29	24	-109.92
gain	24	30	-106.87
gain	30	24	-106.87
gain	24	31	-111.07
gain	31	24	-111.07
gain	24	32	-67.56
gain	32	24	-67.56
gain	24	33	-71.96
gain	33	24	-71.96
gain	24	34	-88.49
gain	34	24	-88.49
gain	24	35	-89.29
gain	35	24	-89.29
gain	24	36	-98.47
gain	36	24	-98.47
gain	24	37	-99.17
gain	37	24	-99.17
gain	24	38	-103.74
gain	38	24	-103.74
gain	24	39	-107.11
gain	39	24	-107.11
gain	24	40	-80.39
gain	40	24	-80.39
gain	24	41	-95.58
gain	41	24	-95.58
gain	24	42	-87.60
gain	42	24	-87.60
gain	24	43	-96.46
gain	43	24	-96.46
gain	24	44	-98.15
gain	44	24	-98.15
gain	24	45	-106.00
gain	45	24	-106.00
gain	24	46	-112.04
gain	46	24	-112.04
gain	24	47	-110.21
gain	47	24	-110.21
gain	24	48	-92.87
gain	48	24	-92.87
gain	24	49	-96.84
gain	49	24	-96.84
gain	24	50	-96.94
gain	50	24	-96.94
gain	24	51	-96.79
gain	51	24	-96.79
gain	24	52	-99.58
gain	52	24	-99.58
gain	24	53	-106.30
gain	53	24	-106.30
gain	24	54	-108.55
gain	54	24	-108.55
gain	24	55	-112.35
gain	55	24	-112.35
gain	24	56	-96.79
gain	56	24	-96.79
gain	24	57	-102.07
gain	57	24	-102.07
gain	24	58	-102.74
gain	58	24	-102.74
gain	24	59	-100.09
gain	59	24	-100.09
gain	24	60	-106.25
gain	60	24	-106.25
gain	24	61	-111.54
gain	61	24	-111.54
gain	24	62	-112.13
gain	62	24	-112.13
gain	24	63	-109.49
gain	63	24	-109.49
gain	25	26	-67.43
gain	26	25	-67.43
gain	25	27	-84.78
gain	27	25	-84.78
gain	25	28	-94.83
gain	28	25	-94.83
gain	25	29	-104.66
gain	29	25	-104.66
gain	25	30	-96.37
gain	30	25	-96.37
gain	25	31	-102.05
gain	31	25	-102.05
gain	25	32	-73.65
gain	32	25	-73.65
gain	25	33	-68.27
gain	33	25	-68.27
gain	25	34	-78.48
gain	34	25	-78.48
gain	25	35	-83.54
gain	35	25	-83.54
gain	25	36	-99.95
gain	36	25	-99.95
gain	25	37	-92.81
gain	37	25	-92.81
gain	25	38	-101.83
gain	38	25	-101.83
gain	25	39	-110.70
gain	39	25	-110.70
gain	25	40	-91.91
gain	40	25	-91.91
gain	25	41	-81.32
gain	41	25	-81.32
gain	25	42	-81.74
gain	42	25	-81.74
gain	25	43	-92.62
gain	43	25	-92.62
gain	25	44	-95.11
gain	44	25	-95.11
gain	25	45	-95.19
gain	45	25	-95.19
gain	25	46	-103.59
gain	46	25	-103.59
gain	25	47	-105.00
gain	47	25	-105.00
gain	25	48	-88.67
gain	48	25	-88.67
gain	25	49	-93.39
gain	49	25	-93.39
gain	25	50	-89.70
gain	50	25	-89.70
gain	25	51	-99.46
gain	51	25	-99.46
gain	25	52	-92.12
gain	52	25	-92.12
gain	25	53	-104.08
gain	53	25	-104.08
gain	25	54	-104.39
gain	54	25	-104.39
gain	25	55	-105.30
gain	55	25	-105.30
gain	25	56	-93.10
gain	56	25	-93.10
gain	25	57	-96.35
gain	57	25	-96.35
gain	25	58	-96.02
gain	58	25	-96.02
gain	25	59	-100.28
gain	59	25	-100.28
gain	25	60	-97.20
gain	60	25	-97.20
gain	25	61	-105.07
gain	61	25	-105.07
gain	25	62	-107.93
gain	62	25	-107.93
gain	25	63	-106.02
gain	63	25	-106.02
gain	26	27	-71.75
gain	27	26	-71.75
gain	26	28	-82.18
gain	28	26	-82.18
gain	26	29	-90.74
gain	29	26	-90.74
gain	26	30	-94.00
gain	30	26	-94.00
gain	26	31	-102.69
gain	31	26	-102.69
gain	26	32	-81.43
gain	32	26	-81.43
gain	26	33	-76.94
gain	33	26	-76.94
gain	26	34	-68.27
gain	34	26	-68.27
gain	26	35	-74.59
gain	35	26	-74.59
gain	26	36	-90.33
gain	36	26	-90.33
gain	26	37	-89.03
gain	37	26	-89.03
gain	26	38	-96.94
gain	38	26	-96.94
gain	26	39	-105.52
gain	39	26	-105.52
gain	26	40	-89.15
gain	40	26	-89.15
gain	26	41	-87.85
gain	41	26	-87.85
gain	26	42	-81.97
gain	42	26	-81.97
gain	26	43	-84.54
gain	43	26	-84.54
gain	26	44	-89.35
gain	44	26	-89.35
gain	26	45	-91.98
gain	45	26	-91.98
gain	26	46	-105.91
gain	46	26	-105.91
gain	26	47	-104.74
gain	47	26	-104.74
gain	26	48	-93.51
gain	48	26	-93.51
gain	26	49	-90.61
gain	49	26	-90.61
gain	26	50	-91.76
gain	50	26	-91.76
gain	26	51	-93.66
gain	51	26	-93.66
gain	26	52	-95.67
gain	52	26	-95.67
gain	26	53	-95.75
gain	53	26	-95.75
gain	26	54	-106.25
gain	54	26	-106.25
gain	26	55	-103.96
gain	55	26	-103.96
gain	26	56	-103.58
gain	56	26	-103.58
gain	26	57	-101.25
gain	57	26	-101.25
gain	26	58	-95.90
gain	58	26	-95.90
gain	26	59	-100.49
gain	59	26	-100.49
gain	26	60	-97.19
gain	60	26	-97.19
gain	26	61	-100.99
gain	61	26	-100.99
gain	26	62	-106.09
gain	62	26	-106.09
gain	26	63	-106.76
gain	63	26	-106.76
gain	27	28	-68.30
gain	28	27	-68.30
gain	27	29	-84.94
gain	29	27	-84.94
gain	27	30	-90.90
gain	30	27	-90.90
gain	27	31	-94.94
gain	31	27	-94.94
gain	27	32	-97.93
gain	32	27	-97.93
gain	27	33	-85.62
gain	33	27	-85.62
gain	27	34	-73.37
gain	34	27	-73.37
gain	27	35	-71.43
gain	35	27	-71.43
gain	27	36	-74.32
gain	36	27	-74.32
gain	27	37	-86.06
gain	37	27	-86.06
gain	27	38	-94.35
gain	38	27	-94.35
gain	27	39	-95.92
gain	39	27	-95.92
gain	27	40	-99.94
gain	40	27	-99.94
gain	27	41	-94.60
gain	41	27	-94.60
gain	27	42	-86.61
gain	42	27	-86.61
gain	27	43	-84.16
gain	43	27	-84.16
gain	27	44	-88.68
gain	44	27	-88.68
gain	27	45	-93.27
gain	45	27	-93.27
gain	27	46	-94.33
gain	46	27	-94.33
gain	27	47	-98.44
gain	47	27	-98.44
gain	27	48	-99.04
gain	48	27	-99.04
gain	27	49	-99.20
gain	49	27	-99.20
gain	27	50	-88.50
gain	50	27	-88.50
gain	27	51	-87.98
gain	51	27	-87.98
gain	27	52	-93.33
gain	52	27	-93.33
gain	27	53	-96.88
gain	53	27	-96.88
gain	27	54	-99.35
gain	54	27	-99.35
gain	27	55	-99.64
gain	55	27	-99.64
gain	27	56	-107.04
gain	56	27	-107.04
gain	27	57	-103.37
gain	57	27	-103.37
gain	27	58	-94.05
gain	58	27	-94.05
gain	27	59	-99.87
gain	59	27	-99.87
gain	27	60	-98.60
gain	60	27	-98.60
gain	27	61	-103.30
gain	61	27	-103.30
gain	27	62	-102.01
gain	62	27	-102.01
gain	27	63	-103.65
gain	63	27	-103.65
gain	28	29	-76.31
gain	29	28	-76.31
gain	28	30	-84.79
gain	30	28	-84.79
gain	28	31	-90.38
gain	31	28	-90.38
gain	28	32	-99.21
gain	32	28	-99.21
gain	28	33	-99.04
gain	33	28	-99.04
gain	28	34	-88.20
gain	34	28	-88.20
gain	28	35	-76.36
gain	35	28	-76.36
gain	28	36	-68.24
gain	36	28	-68.24
gain	28	37	-77.95
gain	37	28	-77.95
gain	28	38	-87.62
gain	38	28	-87.62
gain	28	39	-90.92
gain	39	28	-90.92
gain	28	40	-103.92
gain	40	28	-103.92
gain	28	41	-96.79
gain	41	28	-96.79
gain	28	42	-89.09
gain	42	28	-89.09
gain	28	43	-84.02
gain	43	28	-84.02
gain	28	44	-83.31
gain	44	28	-83.31
gain	28	45	-90.60
gain	45	28	-90.60
gain	28	46	-90.30
gain	46	28	-90.30
gain	28	47	-94.96
gain	47	28	-94.96
gain	28	48	-97.72
gain	48	28	-97.72
gain	28	49	-104.51
gain	49	28	-104.51
gain	28	50	-90.36
gain	50	28	-90.36
gain	28	51	-89.75
gain	51	28	-89.75
gain	28	52	-98.59
gain	52	28	-98.59
gain	28	53	-91.96
gain	53	28	-91.96
gain	28	54	-99.49
gain	54	28	-99.49
gain	28	55	-94.97
gain	55	28	-94.97
gain	28	56	-104.83
gain	56	28	-104.83
gain	28	57	-101.70
gain	57	28	-101.70
gain	28	58	-98.79
gain	58	28	-98.79
gain	28	59	-98.74
gain	59	28	-98.74
gain	28	60	-100.30
gain	60	28	-100.30
gain	28	61	-98.92
gain	61	28	-98.92
gain	28	62	-95.47
gain	62	28	-95.47
gain	28	63	-103.80
gain	63	28	-103.80
gain	29	30	-62.47
gain	30	29	-62.47
gain	29	31	-84.92
gain	31	29	-84.92
gain	29	32	-107.75
gain	32	29	-107.75
gain	29	33	-95.32
gain	33	29	-95.32
gain	29	34	-92.75
gain	34	29	-92.75
gain	29	35	-91.45
gain	35	29	-91.45
gain	29	36	-81.32
gain	36	29	-81.32
gain	29	37	-70.86
gain	37	29	-70.86
gain	29	38	-76.82
gain	38	29	-76.82
gain	29	39	-87.06
gain	39	29	-87.06
gain	29	40	-101.26
gain	40	29	-101.26
gain	29	41	-98.26
gain	41	29	-98.26
gain	29	42	-100.06
gain	42	29	-100.06
gain	29	43	-86.66
gain	43	29	-86.66
gain	29	44	-90.57
gain	44	29	-90.57
gain	29	45	-85.00
gain	45	29	-85.00
gain	29	46	-80.71
gain	46	29	-80.71
gain	29	47	-89.15
gain	47	29	-89.15
gain	29	48	-105.28
gain	48	29	-105.28
gain	29	49	-95.56
gain	49	29	-95.56
gain	29	50	-102.78
gain	50	29	-102.78
gain	29	51	-91.02
gain	51	29	-91.02
gain	29	52	-90.34
gain	52	29	-90.34
gain	29	53	-88.61
gain	53	29	-88.61
gain	29	54	-96.00
gain	54	29	-96.00
gain	29	55	-89.75
gain	55	29	-89.75
gain	29	56	-109.15
gain	56	29	-109.15
gain	29	57	-104.04
gain	57	29	-104.04
gain	29	58	-100.70
gain	58	29	-100.70
gain	29	59	-106.68
gain	59	29	-106.68
gain	29	60	-100.65
gain	60	29	-100.65
gain	29	61	-97.80
gain	61	29	-97.80
gain	29	62	-100.46
gain	62	29	-100.46
gain	29	63	-97.92
gain	63	29	-97.92
gain	30	31	-67.60
gain	31	30	-67.60
gain	30	32	-104.77
gain	32	30	-104.77
gain	30	33	-102.64
gain	33	30	-102.64
gain	30	34	-102.04
gain	34	30	-102.04
gain	30	35	-92.71
gain	35	30	-92.71
gain	30	36	-82.71
gain	36	30	-82.71
gain	30	37	-75.69
gain	37	30	-75.69
gain	30	38	-70.46
gain	38	30	-70.46
gain	30	39	-73.12
gain	39	30	-73.12
gain	30	40	-111.53
gain	40	30	-111.53
gain	30	41	-111.07
gain	41	30	-111.07
gain	30	42	-100.56
gain	42	30	-100.56
gain	30	43	-95.43
gain	43	30	-95.43
gain	30	44	-90.54
gain	44	30	-90.54
gain	30	45	-84.68
gain	45	30	-84.68
gain	30	46	-83.21
gain	46	30	-83.21
gain	30	47	-85.84
gain	47	30	-85.84
gain	30	48	-111.52
gain	48	30	-111.52
gain	30	49	-99.71
gain	49	30	-99.71
gain	30	50	-98.08
gain	50	30	-98.08
gain	30	51	-100.09
gain	51	30	-100.09
gain	30	52	-95.18
gain	52	30	-95.18
gain	30	53	-95.33
gain	53	30	-95.33
gain	30	54	-86.49
gain	54	30	-86.49
gain	30	55	-90.86
gain	55	30	-90.86
gain	30	56	-107.01
gain	56	30	-107.01
gain	30	57	-104.82
gain	57	30	-104.82
gain	30	58	-110.08
gain	58	30	-110.08
gain	30	59	-103.77
gain	59	30	-103.77
gain	30	60	-106.19
gain	60	30	-106.19
gain	30	61	-99.49
gain	61	30	-99.49
gain	30	62	-90.13
gain	62	30	-90.13
gain	30	63	-95.39
gain	63	30	-95.39
gain	31	32	-115.19
gain	32	31	-115.19
gain	31	33	-104.62
gain	33	31	-104.62
gain	31	34	-103.67
gain	34	31	-103.67
gain	31	35	-102.71
gain	35	31	-102.71
gain	31	36	-96.55
gain	36	31	-96.55
gain	31	37	-79.87
gain	37	31	-79.87
gain	31	38	-79.77
gain	38	31	-79.77
gain	31	39	-71.34
gain	39	31	-71.34
gain	31	40	-111.11
gain	40	31	-111.11
gain	31	41	-103.91
gain	41	31	-103.91
gain	31	42	-105.08
gain	42	31	-105.08
gain	31	43	-100.02
gain	43	31	-100.02
gain	31	44	-101.36
gain	44	31	-101.36
gain	31	45	-94.01
gain	45	31	-94.01
gain	31	46	-86.36
gain	46	31	-86.36
gain	31	47	-78.03
gain	47	31	-78.03
gain	31	48	-111.45
gain	48	31	-111.45
gain	31	49	-109.74
gain	49	31	-109.74
gain	31	50	-101.83
gain	50	31	-101.83
gain	31	51	-102.27
gain	51	31	-102.27
gain	31	52	-100.36
gain	52	31	-100.36
gain	31	53	-93.41
gain	53	31	-93.41
gain	31	54	-88.91
gain	54	31	-88.91
gain	31	55	-94.85
gain	55	31	-94.85
gain	31	56	-110.51
gain	56	31	-110.51
gain	31	57	-110.71
gain	57	31	-110.71
gain	31	58	-105.04
gain	58	31	-105.04
gain	31	59	-104.94
gain	59	31	-104.94
gain	31	60	-104.90
gain	60	31	-104.90
gain	31	61	-97.56
gain	61	31	-97.56
gain	31	62	-96.15
gain	62	31	-96.15
gain	31	63	-101.35
gain	63	31	-101.35
gain	32	33	-65.64
gain	33	32	-65.64
gain	32	34	-83.46
gain	34	32	-83.46
gain	32	35	-89.31
gain	35	32	-89.31
gain	32	36	-98.80
gain	36	32	-98.80
gain	32	37	-102.86
gain	37	32	-102.86
gain	32	38	-101.59
gain	38	32	-101.59
gain	32	39	-109.45
gain	39	32	-109.45
gain	32	40	-65.99
gain	40	32	-65.99
gain	32	41	-72.50
gain	41	32	-72.50
gain	32	42	-87.73
gain	42	32	-87.73
gain	32	43	-92.27
gain	43	32	-92.27
gain	32	44	-96.47
gain	44	32	-96.47
gain	32	45	-98.05
gain	45	32	-98.05
gain	32	46	-108.65
gain	46	32	-108.65
gain	32	47	-104.00
gain	47	32	-104.00
gain	32	48	-82.38
gain	48	32	-82.38
gain	32	49	-87.69
gain	49	32	-87.69
gain	32	50	-90.12
gain	50	32	-90.12
gain	32	51	-102.22
gain	51	32	-102.22
gain	32	52	-99.72
gain	52	32	-99.72
gain	32	53	-108.43
gain	53	32	-108.43
gain	32	54	-100.26
gain	54	32	-100.26
gain	32	55	-105.83
gain	55	32	-105.83
gain	32	56	-92.29
gain	56	32	-92.29
gain	32	57	-97.13
gain	57	32	-97.13
gain	32	58	-99.48
gain	58	32	-99.48
gain	32	59	-97.99
gain	59	32	-97.99
gain	32	60	-101.86
gain	60	32	-101.86
gain	32	61	-103.79
gain	61	32	-103.79
gain	32	62	-103.30
gain	62	32	-103.30
gain	32	63	-114.52
gain	63	32	-114.52
gain	33	34	-67.10
gain	34	33	-67.10
gain	33	35	-88.09
gain	35	33	-88.09
gain	33	36	-92.89
gain	36	33	-92.89
gain	33	37	-94.76
gain	37	33	-94.76
gain	33	38	-101.64
gain	38	33	-101.64
gain	33	39	-103.10
gain	39	33	-103.10
gain	33	40	-72.67
gain	40	33	-72.67
gain	33	41	-70.65
gain	41	33	-70.65
gain	33	42	-78.46
gain	42	33	-78.46
gain	33	43	-81.41
gain	43	33	-81.41
gain	33	44	-93.65
gain	44	33	-93.65
gain	33	45	-100.85
gain	45	33	-100.85
gain	33	46	-98.41
gain	46	33	-98.41
gain	33	47	-102.81
gain	47	33	-102.81
gain	33	48	-82.66
gain	48	33	-82.66
gain	33	49	-85.10
gain	49	33	-85.10
gain	33	50	-85.32
gain	50	33	-85.32
gain	33	51	-91.87
gain	51	33	-91.87
gain	33	52	-98.44
gain	52	33	-98.44
gain	33	53	-99.98
gain	53	33	-99.98
gain	33	54	-105.39
gain	54	33	-105.39
gain	33	55	-109.91
gain	55	33	-109.91
gain	33	56	-96.89
gain	56	33	-96.89
gain	33	57	-93.82
gain	57	33	-93.82
gain	33	58	-90.90
gain	58	33	-90.90
gain	33	59	-95.60
gain	59	33	-95.60
gain	33	60	-92.65
gain	60	33	-92.65
gain	33	61	-102.81
gain	61	33	-102.81
gain	33	62	-104.43
gain	62	33	-104.43
gain	33	63	-107.14
gain	63	33	-107.14
gain	34	35	-73.78
gain	35	34	-73.78
gain	34	36	-80.42
gain	36	34	-80.42
gain	34	37	-85.96
gain	37	34	-85.96
gain	34	38	-101.13
gain	38	34	-101.13
gain	34	39	-99.85
gain	39	34	-99.85
gain	34	40	-82.72
gain	40	34	-82.72
gain	34	41	-80.73
gain	41	34	-80.73
gain	34	42	-67.95
gain	42	34	-67.95
gain	34	43	-76.37
gain	43	34	-76.37
gain	34	44	-89.94
gain	44	34	-89.94
gain	34	45	-93.69
gain	45	34	-93.69
gain	34	46	-92.79
gain	46	34	-92.79
gain	34	47	-101.14
gain	47	34	-101.14
gain	34	48	-88.45
gain	48	34	-88.45
gain	34	49	-95.04
gain	49	34	-95.04
gain	34	50	-87.66
gain	50	34	-87.66
gain	34	51	-83.69
gain	51	34	-83.69
gain	34	52	-84.93
gain	52	34	-84.93
gain	34	53	-95.96
gain	53	34	-95.96
gain	34	54	-103.33
gain	54	34	-103.33
gain	34	55	-106.11
gain	55	34	-106.11
gain	34	56	-101.09
gain	56	34	-101.09
gain	34	57	-99.54
gain	57	34	-99.54
gain	34	58	-95.05
gain	58	34	-95.05
gain	34	59	-92.43
gain	59	34	-92.43
gain	34	60	-94.39
gain	60	34	-94.39
gain	34	61	-98.90
gain	61	34	-98.90
gain	34	62	-99.11
gain	62	34	-99.11
gain	34	63	-104.77
gain	63	34	-104.77
gain	35	36	-73.04
gain	36	35	-73.04
gain	35	37	-88.16
gain	37	35	-88.16
gain	35	38	-94.75
gain	38	35	-94.75
gain	35	39	-97.68
gain	39	35	-97.68
gain	35	40	-97.65
gain	40	35	-97.65
gain	35	41	-87.12
gain	41	35	-87.12
gain	35	42	-72.36
gain	42	35	-72.36
gain	35	43	-67.70
gain	43	35	-67.70
gain	35	44	-75.79
gain	44	35	-75.79
gain	35	45	-85.08
gain	45	35	-85.08
gain	35	46	-96.38
gain	46	35	-96.38
gain	35	47	-99.12
gain	47	35	-99.12
gain	35	48	-95.27
gain	48	35	-95.27
gain	35	49	-87.08
gain	49	35	-87.08
gain	35	50	-87.60
gain	50	35	-87.60
gain	35	51	-78.50
gain	51	35	-78.50
gain	35	52	-85.00
gain	52	35	-85.00
gain	35	53	-88.04
gain	53	35	-88.04
gain	35	54	-102.27
gain	54	35	-102.27
gain	35	55	-101.17
gain	55	35	-101.17
gain	35	56	-100.31
gain	56	35	-100.31
gain	35	57	-96.52
gain	57	35	-96.52
gain	35	58	-94.47
gain	58	35	-94.47
gain	35	59	-92.13
gain	59	35	-92.13
gain	35	60	-99.69
gain	60	35	-99.69
gain	35	61	-94.15
gain	61	35	-94.15
gain	35	62	-102.88
gain	62	35	-102.88
gain	35	63	-103.65
gain	63	35	-103.65
gain	36	37	-65.15
gain	37	36	-65.15
gain	36	38	-82.97
gain	38	36	-82.97
gain	36	39	-87.42
gain	39	36	-87.42
gain	36	40	-101.53
gain	40	36	-101.53
gain	36	41	-87.96
gain	41	36	-87.96
gain	36	42	-87.46
gain	42	36	-87.46
gain	36	43	-72.86
gain	43	36	-72.86
gain	36	44	-69.19
gain	44	36	-69.19
gain	36	45	-71.72
gain	45	36	-71.72
gain	36	46	-87.39
gain	46	36	-87.39
gain	36	47	-93.76
gain	47	36	-93.76
gain	36	48	-103.90
gain	48	36	-103.90
gain	36	49	-96.53
gain	49	36	-96.53
gain	36	50	-90.92
gain	50	36	-90.92
gain	36	51	-90.30
gain	51	36	-90.30
gain	36	52	-83.85
gain	52	36	-83.85
gain	36	53	-88.67
gain	53	36	-88.67
gain	36	54	-90.42
gain	54	36	-90.42
gain	36	55	-97.67
gain	55	36	-97.67
gain	36	56	-101.05
gain	56	36	-101.05
gain	36	57	-99.05
gain	57	36	-99.05
gain	36	58	-92.56
gain	58	36	-92.56
gain	36	59	-101.15
gain	59	36	-101.15
gain	36	60	-94.37
gain	60	36	-94.37
gain	36	61	-92.23
gain	61	36	-92.23
gain	36	62	-90.62
gain	62	36	-90.62
gain	36	63	-97.40
gain	63	36	-97.40
gain	37	38	-72.94
gain	38	37	-72.94
gain	37	39	-78.94
gain	39	37	-78.94
gain	37	40	-108.24
gain	40	37	-108.24
gain	37	41	-94.63
gain	41	37	-94.63
gain	37	42	-92.88
gain	42	37	-92.88
gain	37	43	-89.70
gain	43	37	-89.70
gain	37	44	-77.50
gain	44	37	-77.50
gain	37	45	-68.63
gain	45	37	-68.63
gain	37	46	-72.40
gain	46	37	-72.40
gain	37	47	-87.72
gain	47	37	-87.72
gain	37	48	-106.38
gain	48	37	-106.38
gain	37	49	-99.54
gain	49	37	-99.54
gain	37	50	-100.88
gain	50	37	-100.88
gain	37	51	-94.83
gain	51	37	-94.83
gain	37	52	-86.86
gain	52	37	-86.86
gain	37	53	-83.85
gain	53	37	-83.85
gain	37	54	-77.43
gain	54	37	-77.43
gain	37	55	-90.90
gain	55	37	-90.90
gain	37	56	-113.23
gain	56	37	-113.23
gain	37	57	-99.83
gain	57	37	-99.83
gain	37	58	-103.46
gain	58	37	-103.46
gain	37	59	-94.80
gain	59	37	-94.80
gain	37	60	-94.04
gain	60	37	-94.04
gain	37	61	-96.16
gain	61	37	-96.16
gain	37	62	-92.07
gain	62	37	-92.07
gain	37	63	-96.51
gain	63	37	-96.51
gain	38	39	-70.95
gain	39	38	-70.95
gain	38	40	-107.83
gain	40	38	-107.83
gain	38	41	-106.07
gain	41	38	-106.07
gain	38	42	-101.81
gain	42	38	-101.81
gain	38	43	-91.42
gain	43	38	-91.42
gain	38	44	-72.97
gain	44	38	-72.97
gain	38	45	-77.85
gain	45	38	-77.85
gain	38	46	-70.27
gain	46	38	-70.27
gain	38	47	-80.45
gain	47	38	-80.45
gain	38	48	-111.65
gain	48	38	-111.65
gain	38	49	-108.39
gain	49	38	-108.39
gain	38	50	-105.25
gain	50	38	-105.25
gain	38	51	-95.62
gain	51	38	-95.62
gain	38	52	-83.71
gain	52	38	-83.71
gain	38	53	-85.41
gain	53	38	-85.41
gain	38	54	-82.79
gain	54	38	-82.79
gain	38	55	-89.71
gain	55	38	-89.71
gain	38	56	-100.97
gain	56	38	-100.97
gain	38	57	-109.41
gain	57	38	-109.41
gain	38	58	-102.50
gain	58	38	-102.50
gain	38	59	-99.68
gain	59	38	-99.68
gain	38	60	-93.57
gain	60	38	-93.57
gain	38	61	-93.94
gain	61	38	-93.94
gain	38	62	-92.61
gain	62	38	-92.61
gain	38	63	-96.59
gain	63	38	-96.59
gain	39	40	-107.54
gain	40	39	-107.54
gain	39	41	-103.16
gain	41	39	-103.16
gain	39	42	-105.53
gain	42	39	-105.53
gain	39	43	-95.23
gain	43	39	-95.23
gain	39	44	-90.74
gain	44	39	-90.74
gain	39	45	-82.05
gain	45	39	-82.05
gain	39	46	-82.36
gain	46	39	-82.36
gain	39	47	-69.08
gain	47	39	-69.08
gain	39	48	-109.72
gain	48	39	-109.72
gain	39	49	-105.31
gain	49	39	-105.31
gain	39	50	-99.21
gain	50	39	-99.21
gain	39	51	-96.89
gain	51	39	-96.89
gain	39	52	-99.44
gain	52	39	-99.44
gain	39	53	-90.31
gain	53	39	-90.31
gain	39	54	-84.42
gain	54	39	-84.42
gain	39	55	-87.26
gain	55	39	-87.26
gain	39	56	-105.63
gain	56	39	-105.63
gain	39	57	-114.55
gain	57	39	-114.55
gain	39	58	-104.07
gain	58	39	-104.07
gain	39	59	-103.79
gain	59	39	-103.79
gain	39	60	-98.84
gain	60	39	-98.84
gain	39	61	-95.12
gain	61	39	-95.12
gain	39	62	-94.04
gain	62	39	-94.04
gain	39	63	-91.77
gain	63	39	-91.77
gain	40	41	-73.34
gain	41	40	-73.34
gain	40	42	-86.45
gain	42	40	-86.45
gain	40	43	-90.52
gain	43	40	-90.52
gain	40	44	-97.72
gain	44	40	-97.72
gain	40	45	-106.19
gain	45	40	-106.19
gain	40	46	-111.62
gain	46	40	-111.62
gain	40	47	-107.80
gain	47	40	-107.80
gain	40	48	-71.17
gain	48	40	-71.17
gain	40	49	-77.44
gain	49	40	-77.44
gain	40	50	-84.12
gain	50	40	-84.12
gain	40	51	-94.66
gain	51	40	-94.66
gain	40	52	-100.76
gain	52	40	-100.76
gain	40	53	-104.35
gain	53	40	-104.35
gain	40	54	-109.08
gain	54	40	-109.08
gain	40	55	-111.24
gain	55	40	-111.24
gain	40	56	-89.61
gain	56	40	-89.61
gain	40	57	-85.52
gain	57	40	-85.52
gain	40	58	-86.80
gain	58	40	-86.80
gain	40	59	-90.43
gain	59	40	-90.43
gain	40	60	-101.38
gain	60	40	-101.38
gain	40	61	-104.89
gain	61	40	-104.89
gain	40	62	-106.79
gain	62	40	-106.79
gain	40	63	-113.06
gain	63	40	-113.06
gain	41	42	-68.51
gain	42	41	-68.51
gain	41	43	-88.60
gain	43	41	-88.60
gain	41	44	-92.64
gain	44	41	-92.64
gain	41	45	-98.94
gain	45	41	-98.94
gain	41	46	-103.02
gain	46	41	-103.02
gain	41	47	-102.33
gain	47	41	-102.33
gain	41	48	-69.28
gain	48	41	-69.28
gain	41	49	-69.83
gain	49	41	-69.83
gain	41	50	-78.12
gain	50	41	-78.12
gain	41	51	-85.51
gain	51	41	-85.51
gain	41	52	-89.60
gain	52	41	-89.60
gain	41	53	-96.88
gain	53	41	-96.88
gain	41	54	-101.01
gain	54	41	-101.01
gain	41	55	-113.49
gain	55	41	-113.49
gain	41	56	-88.10
gain	56	41	-88.10
gain	41	57	-84.97
gain	57	41	-84.97
gain	41	58	-87.21
gain	58	41	-87.21
gain	41	59	-89.06
gain	59	41	-89.06
gain	41	60	-95.71
gain	60	41	-95.71
gain	41	61	-98.67
gain	61	41	-98.67
gain	41	62	-105.30
gain	62	41	-105.30
gain	41	63	-107.06
gain	63	41	-107.06
gain	42	43	-69.49
gain	43	42	-69.49
gain	42	44	-79.99
gain	44	42	-79.99
gain	42	45	-91.49
gain	45	42	-91.49
gain	42	46	-94.48
gain	46	42	-94.48
gain	42	47	-101.04
gain	47	42	-101.04
gain	42	48	-88.56
gain	48	42	-88.56
gain	42	49	-72.24
gain	49	42	-72.24
gain	42	50	-70.29
gain	50	42	-70.29
gain	42	51	-77.65
gain	51	42	-77.65
gain	42	52	-83.68
gain	52	42	-83.68
gain	42	53	-92.16
gain	53	42	-92.16
gain	42	54	-98.93
gain	54	42	-98.93
gain	42	55	-104.72
gain	55	42	-104.72
gain	42	56	-89.12
gain	56	42	-89.12
gain	42	57	-83.96
gain	57	42	-83.96
gain	42	58	-75.88
gain	58	42	-75.88
gain	42	59	-82.33
gain	59	42	-82.33
gain	42	60	-95.51
gain	60	42	-95.51
gain	42	61	-100.57
gain	61	42	-100.57
gain	42	62	-94.07
gain	62	42	-94.07
gain	42	63	-103.14
gain	63	42	-103.14
gain	43	44	-71.60
gain	44	43	-71.60
gain	43	45	-83.71
gain	45	43	-83.71
gain	43	46	-91.62
gain	46	43	-91.62
gain	43	47	-98.60
gain	47	43	-98.60
gain	43	48	-96.44
gain	48	43	-96.44
gain	43	49	-85.48
gain	49	43	-85.48
gain	43	50	-74.48
gain	50	43	-74.48
gain	43	51	-69.57
gain	51	43	-69.57
gain	43	52	-76.96
gain	52	43	-76.96
gain	43	53	-87.46
gain	53	43	-87.46
gain	43	54	-94.06
gain	54	43	-94.06
gain	43	55	-98.85
gain	55	43	-98.85
gain	43	56	-99.85
gain	56	43	-99.85
gain	43	57	-88.72
gain	57	43	-88.72
gain	43	58	-88.11
gain	58	43	-88.11
gain	43	59	-86.25
gain	59	43	-86.25
gain	43	60	-84.08
gain	60	43	-84.08
gain	43	61	-87.97
gain	61	43	-87.97
gain	43	62	-95.02
gain	62	43	-95.02
gain	43	63	-100.06
gain	63	43	-100.06
gain	44	45	-73.45
gain	45	44	-73.45
gain	44	46	-86.34
gain	46	44	-86.34
gain	44	47	-91.57
gain	47	44	-91.57
gain	44	48	-97.53
gain	48	44	-97.53
gain	44	49	-98.74
gain	49	44	-98.74
gain	44	50	-84.89
gain	50	44	-84.89
gain	44	51	-73.38
gain	51	44	-73.38
gain	44	52	-66.29
gain	52	44	-66.29
gain	44	53	-79.15
gain	53	44	-79.15
gain	44	54	-85.16
gain	54	44	-85.16
gain	44	55	-93.79
gain	55	44	-93.79
gain	44	56	-101.73
gain	56	44	-101.73
gain	44	57	-98.79
gain	57	44	-98.79
gain	44	58	-89.73
gain	58	44	-89.73
gain	44	59	-94.65
gain	59	44	-94.65
gain	44	60	-85.80
gain	60	44	-85.80
gain	44	61	-84.73
gain	61	44	-84.73
gain	44	62	-89.76
gain	62	44	-89.76
gain	44	63	-95.85
gain	63	44	-95.85
gain	45	46	-71.23
gain	46	45	-71.23
gain	45	47	-82.41
gain	47	45	-82.41
gain	45	48	-103.93
gain	48	45	-103.93
gain	45	49	-103.84
gain	49	45	-103.84
gain	45	50	-92.72
gain	50	45	-92.72
gain	45	51	-75.76
gain	51	45	-75.76
gain	45	52	-76.14
gain	52	45	-76.14
gain	45	53	-71.23
gain	53	45	-71.23
gain	45	54	-78.01
gain	54	45	-78.01
gain	45	55	-86.62
gain	55	45	-86.62
gain	45	56	-102.14
gain	56	45	-102.14
gain	45	57	-101.67
gain	57	45	-101.67
gain	45	58	-98.00
gain	58	45	-98.00
gain	45	59	-83.54
gain	59	45	-83.54
gain	45	60	-88.39
gain	60	45	-88.39
gain	45	61	-78.58
gain	61	45	-78.58
gain	45	62	-90.26
gain	62	45	-90.26
gain	45	63	-89.82
gain	63	45	-89.82
gain	46	47	-72.11
gain	47	46	-72.11
gain	46	48	-107.98
gain	48	46	-107.98
gain	46	49	-102.49
gain	49	46	-102.49
gain	46	50	-99.24
gain	50	46	-99.24
gain	46	51	-92.27
gain	51	46	-92.27
gain	46	52	-89.04
gain	52	46	-89.04
gain	46	53	-76.96
gain	53	46	-76.96
gain	46	54	-73.41
gain	54	46	-73.41
gain	46	55	-77.03
gain	55	46	-77.03
gain	46	56	-106.74
gain	56	46	-106.74
gain	46	57	-107.54
gain	57	46	-107.54
gain	46	58	-94.66
gain	58	46	-94.66
gain	46	59	-99.28
gain	59	46	-99.28
gain	46	60	-88.90
gain	60	46	-88.90
gain	46	61	-83.09
gain	61	46	-83.09
gain	46	62	-85.45
gain	62	46	-85.45
gain	46	63	-82.69
gain	63	46	-82.69
gain	47	48	-108.34
gain	48	47	-108.34
gain	47	49	-104.50
gain	49	47	-104.50
gain	47	50	-106.48
gain	50	47	-106.48
gain	47	51	-95.73
gain	51	47	-95.73
gain	47	52	-89.32
gain	52	47	-89.32
gain	47	53	-87.06
gain	53	47	-87.06
gain	47	54	-76.10
gain	54	47	-76.10
gain	47	55	-68.72
gain	55	47	-68.72
gain	47	56	-111.07
gain	56	47	-111.07
gain	47	57	-105.74
gain	57	47	-105.74
gain	47	58	-105.15
gain	58	47	-105.15
gain	47	59	-104.96
gain	59	47	-104.96
gain	47	60	-94.08
gain	60	47	-94.08
gain	47	61	-95.98
gain	61	47	-95.98
gain	47	62	-85.38
gain	62	47	-85.38
gain	47	63	-86.89
gain	63	47	-86.89
gain	48	49	-70.13
gain	49	48	-70.13
gain	48	50	-84.70
gain	50	48	-84.70
gain	48	51	-99.71
gain	51	48	-99.71
gain	48	52	-101.07
gain	52	48	-101.07
gain	48	53	-104.63
gain	53	48	-104.63
gain	48	54	-108.95
gain	54	48	-108.95
gain	48	55	-106.44
gain	55	48	-106.44
gain	48	56	-69.89
gain	56	48	-69.89
gain	48	57	-80.45
gain	57	48	-80.45
gain	48	58	-80.81
gain	58	48	-80.81
gain	48	59	-93.69
gain	59	48	-93.69
gain	48	60	-98.38
gain	60	48	-98.38
gain	48	61	-102.32
gain	61	48	-102.32
gain	48	62	-106.54
gain	62	48	-106.54
gain	48	63	-104.49
gain	63	48	-104.49
gain	49	50	-72.79
gain	50	49	-72.79
gain	49	51	-82.51
gain	51	49	-82.51
gain	49	52	-93.02
gain	52	49	-93.02
gain	49	53	-93.70
gain	53	49	-93.70
gain	49	54	-103.93
gain	54	49	-103.93
gain	49	55	-111.81
gain	55	49	-111.81
gain	49	56	-74.76
gain	56	49	-74.76
gain	49	57	-70.69
gain	57	49	-70.69
gain	49	58	-72.73
gain	58	49	-72.73
gain	49	59	-86.30
gain	59	49	-86.30
gain	49	60	-88.69
gain	60	49	-88.69
gain	49	61	-97.84
gain	61	49	-97.84
gain	49	62	-97.34
gain	62	49	-97.34
gain	49	63	-109.20
gain	63	49	-109.20
gain	50	51	-71.17
gain	51	50	-71.17
gain	50	52	-82.55
gain	52	50	-82.55
gain	50	53	-98.46
gain	53	50	-98.46
gain	50	54	-100.75
gain	54	50	-100.75
gain	50	55	-104.01
gain	55	50	-104.01
gain	50	56	-88.73
gain	56	50	-88.73
gain	50	57	-74.07
gain	57	50	-74.07
gain	50	58	-68.29
gain	58	50	-68.29
gain	50	59	-72.91
gain	59	50	-72.91
gain	50	60	-83.40
gain	60	50	-83.40
gain	50	61	-94.98
gain	61	50	-94.98
gain	50	62	-94.31
gain	62	50	-94.31
gain	50	63	-101.56
gain	63	50	-101.56
gain	51	52	-68.35
gain	52	51	-68.35
gain	51	53	-85.64
gain	53	51	-85.64
gain	51	54	-92.81
gain	54	51	-92.81
gain	51	55	-91.54
gain	55	51	-91.54
gain	51	56	-97.61
gain	56	51	-97.61
gain	51	57	-82.52
gain	57	51	-82.52
gain	51	58	-76.69
gain	58	51	-76.69
gain	51	59	-71.53
gain	59	51	-71.53
gain	51	60	-79.99
gain	60	51	-79.99
gain	51	61	-87.25
gain	61	51	-87.25
gain	51	62	-96.77
gain	62	51	-96.77
gain	51	63	-104.62
gain	63	51	-104.62
gain	52	53	-68.72
gain	53	52	-68.72
gain	52	54	-83.70
gain	54	52	-83.70
gain	52	55	-89.42
gain	55	52	-89.42
gain	52	56	-96.39
gain	56	52	-96.39
gain	52	57	-85.42
gain	57	52	-85.42
gain	52	58	-83.04
gain	58	52	-83.04
gain	52	59	-75.85
gain	59	52	-75.85
gain	52	60	-73.09
gain	60	52	-73.09
gain	52	61	-81.90
gain	61	52	-81.90
gain	52	62	-86.85
gain	62	52	-86.85
gain	52	63	-95.56
gain	63	52	-95.56
gain	53	54	-70.40
gain	54	53	-70.40
gain	53	55	-82.35
gain	55	53	-82.35
gain	53	56	-101.57
gain	56	53	-101.57
gain	53	57	-95.60
gain	57	53	-95.60
gain	53	58	-97.54
gain	58	53	-97.54
gain	53	59	-80.55
gain	59	53	-80.55
gain	53	60	-80.57
gain	60	53	-80.57
gain	53	61	-70.92
gain	61	53	-70.92
gain	53	62	-74.48
gain	62	53	-74.48
gain	53	63	-89.85
gain	63	53	-89.85
gain	54	55	-71.82
gain	55	54	-71.82
gain	54	56	-102.62
gain	56	54	-102.62
gain	54	57	-101.72
gain	57	54	-101.72
gain	54	58	-100.28
gain	58	54	-100.28
gain	54	59	-91.93
gain	59	54	-91.93
gain	54	60	-83.58
gain	60	54	-83.58
gain	54	61	-73.80
gain	61	54	-73.80
gain	54	62	-64.79
gain	62	54	-64.79
gain	54	63	-71.68
gain	63	54	-71.68
gain	55	56	-110.10
gain	56	55	-110.10
gain	55	57	-105.08
gain	57	55	-105.08
gain	55	58	-98.49
gain	58	55	-98.49
gain	55	59	-98.37
gain	59	55	-98.37
gain	55	60	-89.50
gain	60	55	-89.50
gain	55	61	-89.33
gain	61	55	-89.33
gain	55	62	-81.11
gain	62	55	-81.11
gain	55	63	-66.20
gain	63	55	-66.20
gain	56	57	-66.74
gain	57	56	-66.74
gain	56	58	-83.14
gain	58	56	-83.14
gain	56	59	-90.01
gain	59	56	-90.01
gain	56	60	-95.25
gain	60	56	-95.25
gain	56	61	-104.31
gain	61	56	-104.31
gain	56	62	-102.25
gain	62	56	-102.25
gain	56	63	-111.23
gain	63	56	-111.23
gain	57	58	-69.55
gain	58	57	-69.55
gain	57	59	-89.69
gain	59	57	-89.69
gain	57	60	-93.49
gain	60	57	-93.49
gain	57	61	-100.04
gain	61	57	-100.04
gain	57	62	-101.09
gain	62	57	-101.09
gain	57	63	-107.48
gain	63	57	-107.48
gain	58	59	-68.62
gain	59	58	-68.62
gain	58	60	-85.33
gain	60	58	-85.33
gain	58	61	-90.23
gain	61	58	-90.23
gain	58	62	-97.35
gain	62	58	-97.35
gain	58	63	-101.34
gain	63	58	-101.34
gain	59	60	-71.52
gain	60	59	-71.52
gain	59	61	-78.91
gain	61	59	-78.91
gain	59	62	-93.95
gain	62	59	-93.95
gain	59	63	-101.98
gain	63	59	-101.98
gain	60	61	-69.47
gain	61	60	-69.47
gain	60	62	-83.41
gain	62	60	-83.41
gain	60	63	-89.86
gain	63	60	-89.86
gain	61	62	-66.57
gain	62	61	-66.57
gain	61	63	-77.53
gain	63	61	-77.53
gain	62	63	-71.10
gain	63	62	-71.10