[2017-05-28 10:19:51] experiments-matrix-101: OK

[2017-05-28 10:23:54] experiments-matrix-101: OK

[2017-05-28 10:26:27] experiments-matrix-101: OK

[2017-05-28 10:28:36] experiments-matrix-101: OK

[2017-05-28 10:31:08] experiments-matrix-101: FAIL
-- NO TEST INFO AVAILABLE (experiments-matrix-101.info) --
-- NO TEST OUTPUT AVAILABLE (experiments-matrix-101.log) --
-- COOJA OUTPUT (tail experiments-matrix-101.cooja_log) --
	at sun.reflect.NativeConstructorAccessorImpl.newInstance0(Native Method)
	at sun.reflect.NativeConstructorAccessorImpl.newInstance(NativeConstructorAccessorImpl.java:62)
	at sun.reflect.DelegatingConstructorAccessorImpl.newInstance(DelegatingConstructorAccessorImpl.java:45)
	at java.lang.reflect.Constructor.newInstance(Constructor.java:423)
	at org.contikios.cooja.CoreComm.createCoreComm(CoreComm.java:338)
	... 8 more
Caused by: java.lang.UnsatisfiedLinkError: org.contikios.cooja.corecomm.Lib1.init()V
	at org.contikios.cooja.corecomm.Lib1.init(Native Method)
	at org.contikios.cooja.corecomm.Lib1.<init>(Lib1.java:50)
	... 13 more


[2017-05-28 10:31:10] experiments-matrix-101: OK

[2017-05-28 10:33:25] experiments-matrix-101: OK

[2017-05-28 10:35:34] experiments-matrix-101: OK

[2017-05-28 10:38:06] experiments-matrix-101: OK

[2017-05-28 10:40:54] experiments-matrix-101: OK

