[2017-05-28 11:15:21] experiments-matrix-101: OK

[2017-05-28 11:19:11] experiments-matrix-101: OK

[2017-05-28 11:21:47] experiments-matrix-101: OK

[2017-05-28 11:24:30] experiments-matrix-101: OK

[2017-05-28 11:27:05] experiments-matrix-101: OK

[2017-05-28 11:29:58] experiments-matrix-101: OK

[2017-05-28 11:32:26] experiments-matrix-101: OK

[2017-05-28 11:35:20] experiments-matrix-101: FAIL
-- NO TEST INFO AVAILABLE (experiments-matrix-101.info) --
-- NO TEST OUTPUT AVAILABLE (experiments-matrix-101.log) --
-- COOJA OUTPUT (tail experiments-matrix-101.cooja_log) --
	at sun.reflect.NativeConstructorAccessorImpl.newInstance0(Native Method)
	at sun.reflect.NativeConstructorAccessorImpl.newInstance(NativeConstructorAccessorImpl.java:62)
	at sun.reflect.DelegatingConstructorAccessorImpl.newInstance(DelegatingConstructorAccessorImpl.java:45)
	at java.lang.reflect.Constructor.newInstance(Constructor.java:423)
	at org.contikios.cooja.CoreComm.createCoreComm(CoreComm.java:338)
	... 8 more
Caused by: java.lang.UnsatisfiedLinkError: org.contikios.cooja.corecomm.Lib1.init()V
	at org.contikios.cooja.corecomm.Lib1.init(Native Method)
	at org.contikios.cooja.corecomm.Lib1.<init>(Lib1.java:50)
	... 13 more


[2017-05-28 11:35:21] experiments-matrix-101: OK

[2017-05-28 11:38:38] experiments-matrix-101: OK

