[2017-05-27 16:40:02] experiments-matrix-101: OK

[2017-05-27 16:41:53] experiments-matrix-101: OK

[2017-05-27 16:43:47] experiments-matrix-101: OK

[2017-05-27 16:45:54] experiments-matrix-101: OK

[2017-05-27 16:49:35] experiments-matrix-101: OK

[2017-05-27 16:52:11] experiments-matrix-101: OK

[2017-05-27 16:54:44] experiments-matrix-101: FAIL
-- NO TEST INFO AVAILABLE (experiments-matrix-101.info) --
-- NO TEST OUTPUT AVAILABLE (experiments-matrix-101.log) --
-- COOJA OUTPUT (tail experiments-matrix-101.cooja_log) --
	at sun.reflect.NativeConstructorAccessorImpl.newInstance0(Native Method)
	at sun.reflect.NativeConstructorAccessorImpl.newInstance(NativeConstructorAccessorImpl.java:62)
	at sun.reflect.DelegatingConstructorAccessorImpl.newInstance(DelegatingConstructorAccessorImpl.java:45)
	at java.lang.reflect.Constructor.newInstance(Constructor.java:423)
	at org.contikios.cooja.CoreComm.createCoreComm(CoreComm.java:338)
	... 8 more
Caused by: java.lang.UnsatisfiedLinkError: org.contikios.cooja.corecomm.Lib1.init()V
	at org.contikios.cooja.corecomm.Lib1.init(Native Method)
	at org.contikios.cooja.corecomm.Lib1.<init>(Lib1.java:50)
	... 13 more


[2017-05-27 16:54:45] experiments-matrix-101: OK

[2017-05-27 16:56:44] experiments-matrix-101: OK

[2017-05-27 16:58:50] experiments-matrix-101: OK

