[2017-05-28 12:40:35] experiments-matrix-101: OK

[2017-05-28 12:43:16] experiments-matrix-101: OK

[2017-05-28 12:45:47] experiments-matrix-101: OK

[2017-05-28 12:48:35] experiments-matrix-101: OK

[2017-05-28 12:50:40] experiments-matrix-101: OK

[2017-05-28 12:53:12] experiments-matrix-101: OK

[2017-05-28 12:55:37] experiments-matrix-101: OK

[2017-05-28 12:57:53] experiments-matrix-101: FAIL
-- NO TEST INFO AVAILABLE (experiments-matrix-101.info) --
-- NO TEST OUTPUT AVAILABLE (experiments-matrix-101.log) --
-- COOJA OUTPUT (tail experiments-matrix-101.cooja_log) --
	at org.contikios.cooja.CoreComm.createCoreComm(CoreComm.java:338)
	... 8 more
Caused by: java.lang.UnsatisfiedLinkError: /home/matrix/contiki-matrix/examples/rime/obj_cooja/mtype142.cooja: /home/matrix/contiki-matrix/examples/rime/obj_cooja/mtype142.cooja: undefined symbol: log_printf
	at java.lang.ClassLoader$NativeLibrary.load(Native Method)
	at java.lang.ClassLoader.loadLibrary0(ClassLoader.java:1941)
	at java.lang.ClassLoader.loadLibrary(ClassLoader.java:1824)
	at java.lang.Runtime.load0(Runtime.java:809)
	at java.lang.System.load(System.java:1086)
	at org.contikios.cooja.corecomm.Lib1.<init>(Lib1.java:49)
	... 13 more


[2017-05-28 12:57:55] experiments-matrix-101: FAIL
-- NO TEST INFO AVAILABLE (experiments-matrix-101.info) --
-- NO TEST OUTPUT AVAILABLE (experiments-matrix-101.log) --
-- COOJA OUTPUT (tail experiments-matrix-101.cooja_log) --
	at org.contikios.cooja.CoreComm.createCoreComm(CoreComm.java:338)
	... 8 more
Caused by: java.lang.UnsatisfiedLinkError: /home/matrix/contiki-matrix/examples/rime/obj_cooja/mtype328.cooja: /home/matrix/contiki-matrix/examples/rime/obj_cooja/mtype328.cooja: undefined symbol: log_printf
	at java.lang.ClassLoader$NativeLibrary.load(Native Method)
	at java.lang.ClassLoader.loadLibrary0(ClassLoader.java:1941)
	at java.lang.ClassLoader.loadLibrary(ClassLoader.java:1824)
	at java.lang.Runtime.load0(Runtime.java:809)
	at java.lang.System.load(System.java:1086)
	at org.contikios.cooja.corecomm.Lib1.<init>(Lib1.java:49)
	... 13 more


[2017-05-28 12:57:56] experiments-matrix-101: FAIL
-- NO TEST INFO AVAILABLE (experiments-matrix-101.info) --
-- NO TEST OUTPUT AVAILABLE (experiments-matrix-101.log) --
-- COOJA OUTPUT (tail experiments-matrix-101.cooja_log) --
	at org.contikios.cooja.CoreComm.createCoreComm(CoreComm.java:338)
	... 8 more
Caused by: java.lang.UnsatisfiedLinkError: /home/matrix/contiki-matrix/examples/rime/obj_cooja/mtype613.cooja: /home/matrix/contiki-matrix/examples/rime/obj_cooja/mtype613.cooja: undefined symbol: log_printf
	at java.lang.ClassLoader$NativeLibrary.load(Native Method)
	at java.lang.ClassLoader.loadLibrary0(ClassLoader.java:1941)
	at java.lang.ClassLoader.loadLibrary(ClassLoader.java:1824)
	at java.lang.Runtime.load0(Runtime.java:809)
	at java.lang.System.load(System.java:1086)
	at org.contikios.cooja.corecomm.Lib1.<init>(Lib1.java:49)
	... 13 more


