[2017-05-28 12:58:22] experiments-matrix-101: FAIL
-- NO TEST INFO AVAILABLE (experiments-matrix-101.info) --
-- NO TEST OUTPUT AVAILABLE (experiments-matrix-101.log) --
-- COOJA OUTPUT (tail experiments-matrix-101.cooja_log) --
	at org.contikios.cooja.CoreComm.createCoreComm(CoreComm.java:338)
	... 8 more
Caused by: java.lang.UnsatisfiedLinkError: /home/matrix/contiki-matrix/examples/rime/obj_cooja/mtype277.cooja: /home/matrix/contiki-matrix/examples/rime/obj_cooja/mtype277.cooja: undefined symbol: log_printf
	at java.lang.ClassLoader$NativeLibrary.load(Native Method)
	at java.lang.ClassLoader.loadLibrary0(ClassLoader.java:1941)
	at java.lang.ClassLoader.loadLibrary(ClassLoader.java:1824)
	at java.lang.Runtime.load0(Runtime.java:809)
	at java.lang.System.load(System.java:1086)
	at org.contikios.cooja.corecomm.Lib1.<init>(Lib1.java:49)
	... 13 more


[2017-05-28 12:58:23] experiments-matrix-101: FAIL
-- NO TEST INFO AVAILABLE (experiments-matrix-101.info) --
-- NO TEST OUTPUT AVAILABLE (experiments-matrix-101.log) --
-- COOJA OUTPUT (tail experiments-matrix-101.cooja_log) --
	at org.contikios.cooja.CoreComm.createCoreComm(CoreComm.java:338)
	... 8 more
Caused by: java.lang.UnsatisfiedLinkError: /home/matrix/contiki-matrix/examples/rime/obj_cooja/mtype523.cooja: /home/matrix/contiki-matrix/examples/rime/obj_cooja/mtype523.cooja: undefined symbol: log_printf
	at java.lang.ClassLoader$NativeLibrary.load(Native Method)
	at java.lang.ClassLoader.loadLibrary0(ClassLoader.java:1941)
	at java.lang.ClassLoader.loadLibrary(ClassLoader.java:1824)
	at java.lang.Runtime.load0(Runtime.java:809)
	at java.lang.System.load(System.java:1086)
	at org.contikios.cooja.corecomm.Lib1.<init>(Lib1.java:49)
	... 13 more


[2017-05-28 12:58:25] experiments-matrix-101: FAIL
-- NO TEST INFO AVAILABLE (experiments-matrix-101.info) --
-- NO TEST OUTPUT AVAILABLE (experiments-matrix-101.log) --
-- COOJA OUTPUT (tail experiments-matrix-101.cooja_log) --
	at org.contikios.cooja.CoreComm.createCoreComm(CoreComm.java:338)
	... 8 more
Caused by: java.lang.UnsatisfiedLinkError: /home/matrix/contiki-matrix/examples/rime/obj_cooja/mtype373.cooja: /home/matrix/contiki-matrix/examples/rime/obj_cooja/mtype373.cooja: undefined symbol: log_printf
	at java.lang.ClassLoader$NativeLibrary.load(Native Method)
	at java.lang.ClassLoader.loadLibrary0(ClassLoader.java:1941)
	at java.lang.ClassLoader.loadLibrary(ClassLoader.java:1824)
	at java.lang.Runtime.load0(Runtime.java:809)
	at java.lang.System.load(System.java:1086)
	at org.contikios.cooja.corecomm.Lib1.<init>(Lib1.java:49)
	... 13 more


[2017-05-28 12:58:27] experiments-matrix-101: FAIL
-- NO TEST INFO AVAILABLE (experiments-matrix-101.info) --
-- NO TEST OUTPUT AVAILABLE (experiments-matrix-101.log) --
-- COOJA OUTPUT (tail experiments-matrix-101.cooja_log) --
	at org.contikios.cooja.CoreComm.createCoreComm(CoreComm.java:338)
	... 8 more
Caused by: java.lang.UnsatisfiedLinkError: /home/matrix/contiki-matrix/examples/rime/obj_cooja/mtype294.cooja: /home/matrix/contiki-matrix/examples/rime/obj_cooja/mtype294.cooja: undefined symbol: log_printf
	at java.lang.ClassLoader$NativeLibrary.load(Native Method)
	at java.lang.ClassLoader.loadLibrary0(ClassLoader.java:1941)
	at java.lang.ClassLoader.loadLibrary(ClassLoader.java:1824)
	at java.lang.Runtime.load0(Runtime.java:809)
	at java.lang.System.load(System.java:1086)
	at org.contikios.cooja.corecomm.Lib1.<init>(Lib1.java:49)
	... 13 more


[2017-05-28 12:58:28] experiments-matrix-101: FAIL
-- NO TEST INFO AVAILABLE (experiments-matrix-101.info) --
-- NO TEST OUTPUT AVAILABLE (experiments-matrix-101.log) --
-- COOJA OUTPUT (tail experiments-matrix-101.cooja_log) --
	at org.contikios.cooja.Cooja.loadSimulationConfig(Cooja.java:3432)
	... 3 more
Caused by: org.contikios.cooja.MoteType$MoteTypeCreationException: Bad return value
	at org.contikios.cooja.dialogs.CompileContiki.compile(CompileContiki.java:269)
	at org.contikios.cooja.dialogs.CompileContiki.compile(CompileContiki.java:100)
	at org.contikios.cooja.contikimote.ContikiMoteType.configureAndInit(ContikiMoteType.java:328)
	... 6 more
Caused by: org.contikios.cooja.MoteType$MoteTypeCreationException: 
	at org.contikios.cooja.dialogs.CompileContiki$3.run(CompileContiki.java:218)
	at java.lang.Thread.run(Thread.java:745)


[2017-05-28 12:58:29] experiments-matrix-101: FAIL
-- NO TEST INFO AVAILABLE (experiments-matrix-101.info) --
-- NO TEST OUTPUT AVAILABLE (experiments-matrix-101.log) --
-- COOJA OUTPUT (tail experiments-matrix-101.cooja_log) --
	at org.contikios.cooja.Cooja.loadSimulationConfig(Cooja.java:3432)
	... 3 more
Caused by: org.contikios.cooja.MoteType$MoteTypeCreationException: Bad return value
	at org.contikios.cooja.dialogs.CompileContiki.compile(CompileContiki.java:269)
	at org.contikios.cooja.dialogs.CompileContiki.compile(CompileContiki.java:100)
	at org.contikios.cooja.contikimote.ContikiMoteType.configureAndInit(ContikiMoteType.java:328)
	... 6 more
Caused by: org.contikios.cooja.MoteType$MoteTypeCreationException: 
	at org.contikios.cooja.dialogs.CompileContiki$3.run(CompileContiki.java:218)
	at java.lang.Thread.run(Thread.java:745)


[2017-05-28 12:58:30] experiments-matrix-101: FAIL
-- NO TEST INFO AVAILABLE (experiments-matrix-101.info) --
-- NO TEST OUTPUT AVAILABLE (experiments-matrix-101.log) --
-- COOJA OUTPUT (tail experiments-matrix-101.cooja_log) --
	at org.contikios.cooja.CoreComm.createCoreComm(CoreComm.java:338)
	... 8 more
Caused by: java.lang.UnsatisfiedLinkError: /home/matrix/contiki-matrix/examples/rime/obj_cooja/mtype367.cooja: /home/matrix/contiki-matrix/examples/rime/obj_cooja/mtype367.cooja: undefined symbol: log_printf
	at java.lang.ClassLoader$NativeLibrary.load(Native Method)
	at java.lang.ClassLoader.loadLibrary0(ClassLoader.java:1941)
	at java.lang.ClassLoader.loadLibrary(ClassLoader.java:1824)
	at java.lang.Runtime.load0(Runtime.java:809)
	at java.lang.System.load(System.java:1086)
	at org.contikios.cooja.corecomm.Lib1.<init>(Lib1.java:49)
	... 13 more


[2017-05-28 12:58:32] experiments-matrix-101: FAIL
-- NO TEST INFO AVAILABLE (experiments-matrix-101.info) --
-- NO TEST OUTPUT AVAILABLE (experiments-matrix-101.log) --
-- COOJA OUTPUT (tail experiments-matrix-101.cooja_log) --
	at org.contikios.cooja.CoreComm.createCoreComm(CoreComm.java:338)
	... 8 more
Caused by: java.lang.UnsatisfiedLinkError: /home/matrix/contiki-matrix/examples/rime/obj_cooja/mtype573.cooja: /home/matrix/contiki-matrix/examples/rime/obj_cooja/mtype573.cooja: undefined symbol: log_printf
	at java.lang.ClassLoader$NativeLibrary.load(Native Method)
	at java.lang.ClassLoader.loadLibrary0(ClassLoader.java:1941)
	at java.lang.ClassLoader.loadLibrary(ClassLoader.java:1824)
	at java.lang.Runtime.load0(Runtime.java:809)
	at java.lang.System.load(System.java:1086)
	at org.contikios.cooja.corecomm.Lib1.<init>(Lib1.java:49)
	... 13 more


[2017-05-28 12:58:33] experiments-matrix-101: FAIL
-- NO TEST INFO AVAILABLE (experiments-matrix-101.info) --
-- NO TEST OUTPUT AVAILABLE (experiments-matrix-101.log) --
-- COOJA OUTPUT (tail experiments-matrix-101.cooja_log) --
	at org.contikios.cooja.Cooja.loadSimulationConfig(Cooja.java:3432)
	... 3 more
Caused by: org.contikios.cooja.MoteType$MoteTypeCreationException: Bad return value
	at org.contikios.cooja.dialogs.CompileContiki.compile(CompileContiki.java:269)
	at org.contikios.cooja.dialogs.CompileContiki.compile(CompileContiki.java:100)
	at org.contikios.cooja.contikimote.ContikiMoteType.configureAndInit(ContikiMoteType.java:328)
	... 6 more
Caused by: org.contikios.cooja.MoteType$MoteTypeCreationException: 
	at org.contikios.cooja.dialogs.CompileContiki$3.run(CompileContiki.java:218)
	at java.lang.Thread.run(Thread.java:745)


[2017-05-28 12:58:34] experiments-matrix-101: FAIL
-- NO TEST INFO AVAILABLE (experiments-matrix-101.info) --
-- NO TEST OUTPUT AVAILABLE (experiments-matrix-101.log) --
-- COOJA OUTPUT (tail experiments-matrix-101.cooja_log) --
	at org.contikios.cooja.CoreComm.createCoreComm(CoreComm.java:338)
	... 8 more
Caused by: java.lang.UnsatisfiedLinkError: /home/matrix/contiki-matrix/examples/rime/obj_cooja/mtype946.cooja: /home/matrix/contiki-matrix/examples/rime/obj_cooja/mtype946.cooja: undefined symbol: log_printf
	at java.lang.ClassLoader$NativeLibrary.load(Native Method)
	at java.lang.ClassLoader.loadLibrary0(ClassLoader.java:1941)
	at java.lang.ClassLoader.loadLibrary(ClassLoader.java:1824)
	at java.lang.Runtime.load0(Runtime.java:809)
	at java.lang.System.load(System.java:1086)
	at org.contikios.cooja.corecomm.Lib1.<init>(Lib1.java:49)
	... 13 more


